<?xml version="1.0" encoding="utf-8"?><testsuites name="pytest tests"><testsuite name="pytest" errors="0" failures="0" skipped="0" tests="15" time="11.423" timestamp="2026-04-16T23:16:29.817238+00:00" hostname="agent-env-d970c3c7-c0dc-4ecb-b74d-c9aec2b4fae3"><testcase classname="backend.tests.test_ad_analytics_new_features.TestAdAnalyticsNewFeatures" name="test_compare_endpoint_default_periods" time="3.182" /><testcase classname="backend.tests.test_ad_analytics_new_features.TestAdAnalyticsNewFeatures" name="test_compare_endpoint_custom_periods" time="0.457" /><testcase classname="backend.tests.test_ad_analytics_new_features.TestAdAnalyticsNewFeatures" name="test_compare_endpoint_data_types" time="0.424" /><testcase classname="backend.tests.test_ad_analytics_new_features.TestAdAnalyticsNewFeatures" name="test_export_csv_endpoint" time="0.507" /><testcase classname="backend.tests.test_ad_analytics_new_features.TestAdAnalyticsNewFeatures" name="test_export_csv_contains_data_rows" time="0.439" /><testcase classname="backend.tests.test_ad_analytics_new_features.TestAdAnalyticsNewFeatures" name="test_export_excel_endpoint" time="0.707" /><testcase classname="backend.tests.test_ad_analytics_new_features.TestAdAnalyticsNewFeatures" name="test_export_excel_file_structure" time="0.645" /><testcase classname="backend.tests.test_ad_analytics_new_features.TestAdAnalyticsNewFeatures" name="test_export_default_format_is_excel" time="0.591" /><testcase classname="backend.tests.test_ad_analytics_new_features.TestAdAnalyticsNewFeatures" name="test_send_weekly_report_endpoint" time="0.717" /><testcase classname="backend.tests.test_ad_analytics_new_features.TestAdAnalyticsNewFeatures" name="test_send_weekly_report_returns_correct_email" time="0.947" /><testcase classname="backend.tests.test_ad_analytics_new_features.TestAdAnalyticsNewFeatures" name="test_realtime_endpoint_still_works" time="0.451" /><testcase classname="backend.tests.test_ad_analytics_new_features.TestAdAnalyticsNewFeatures" name="test_financial_endpoint_still_works" time="0.464" /><testcase classname="backend.tests.test_ad_analytics_new_features.TestAdAnalyticsNewFeatures" name="test_compare_requires_auth" time="0.522" /><testcase classname="backend.tests.test_ad_analytics_new_features.TestAdAnalyticsNewFeatures" name="test_export_requires_auth" time="0.556" /><testcase classname="backend.tests.test_ad_analytics_new_features.TestAdAnalyticsNewFeatures" name="test_send_report_requires_auth" time="0.572" /></testsuite></testsuites>