<?xml version="1.0" encoding="utf-8"?><testsuites name="pytest tests"><testsuite name="pytest" errors="0" failures="0" skipped="0" tests="19" time="19.103" timestamp="2026-04-16T18:48:41.793810+00:00" hostname="agent-env-d970c3c7-c0dc-4ecb-b74d-c9aec2b4fae3"><testcase classname="backend.tests.test_ad_realtime_analytics.TestAdRealtimeAnalytics" name="test_realtime_analytics_returns_200" time="1.303" /><testcase classname="backend.tests.test_ad_realtime_analytics.TestAdRealtimeAnalytics" name="test_realtime_analytics_has_live_summary" time="0.749" /><testcase classname="backend.tests.test_ad_realtime_analytics.TestAdRealtimeAnalytics" name="test_realtime_analytics_has_daily_series" time="0.650" /><testcase classname="backend.tests.test_ad_realtime_analytics.TestAdRealtimeAnalytics" name="test_realtime_analytics_has_hourly_today" time="0.696" /><testcase classname="backend.tests.test_ad_realtime_analytics.TestAdRealtimeAnalytics" name="test_realtime_analytics_has_alerts" time="0.757" /><testcase classname="backend.tests.test_ad_realtime_analytics.TestAdRealtimeAnalytics" name="test_realtime_analytics_has_alert_counts" time="0.741" /><testcase classname="backend.tests.test_ad_realtime_analytics.TestAdRealtimeAnalytics" name="test_realtime_analytics_days_parameter" time="1.282" /><testcase classname="backend.tests.test_ad_realtime_analytics.TestAdFinancialAnalytics" name="test_financial_analytics_returns_200" time="0.794" /><testcase classname="backend.tests.test_ad_realtime_analytics.TestAdFinancialAnalytics" name="test_financial_analytics_has_summary" time="0.477" /><testcase classname="backend.tests.test_ad_realtime_analytics.TestAdFinancialAnalytics" name="test_financial_analytics_has_position_revenue" time="0.664" /><testcase classname="backend.tests.test_ad_realtime_analytics.TestAdFinancialAnalytics" name="test_financial_analytics_has_monthly_chart" time="2.128" /><testcase classname="backend.tests.test_ad_realtime_analytics.TestAdFinancialAnalytics" name="test_financial_analytics_has_top_earners" time="1.419" /><testcase classname="backend.tests.test_ad_realtime_analytics.TestAdFinancialAnalytics" name="test_financial_analytics_has_breakdown" time="1.150" /><testcase classname="backend.tests.test_ad_realtime_analytics.TestExistingAdEndpoints" name="test_get_ads_returns_200" time="1.036" /><testcase classname="backend.tests.test_ad_realtime_analytics.TestExistingAdEndpoints" name="test_get_ads_analytics_returns_200" time="1.224" /><testcase classname="backend.tests.test_ad_realtime_analytics.TestExistingAdEndpoints" name="test_get_ad_settings_returns_200" time="1.275" /><testcase classname="backend.tests.test_ad_realtime_analytics.TestExistingAdEndpoints" name="test_put_ad_settings_returns_200" time="1.226" /><testcase classname="backend.tests.test_ad_realtime_analytics.TestAuthorizationRequired" name="test_realtime_analytics_requires_auth" time="0.722" /><testcase classname="backend.tests.test_ad_realtime_analytics.TestAuthorizationRequired" name="test_financial_analytics_requires_auth" time="0.660" /></testsuite></testsuites>