<?xml version="1.0" encoding="utf-8"?><testsuites name="pytest tests"><testsuite name="pytest" errors="0" failures="1" skipped="0" tests="14" time="10.819" timestamp="2026-04-16T18:28:19.499938+00:00" hostname="agent-env-d970c3c7-c0dc-4ecb-b74d-c9aec2b4fae3"><testcase classname="backend.tests.test_ads_routing.TestAdsRouting" name="test_login_super_admin" time="1.232" /><testcase classname="backend.tests.test_ads_routing.TestAdsRouting" name="test_login_app_owner" time="0.777" /><testcase classname="backend.tests.test_ads_routing.TestAdsRouting" name="test_get_ad_settings" time="0.618"><failure message="AssertionError: Missing position 'sidebar' in settings&#10;assert 'sidebar' in {'banner': {'adsense_enabled': True, 'internal_enabled': True, 'mode': 'internal_first'}}">backend/tests/test_ads_routing.py:91: in test_get_ad_settings
    assert pos in positions, f"Missing position '{pos}' in settings"
E   AssertionError: Missing position 'sidebar' in settings
E   assert 'sidebar' in {'banner': {'adsense_enabled': True, 'internal_enabled': True, 'mode': 'internal_first'}}</failure></testcase><testcase classname="backend.tests.test_ads_routing.TestAdsRouting" name="test_put_ad_settings" time="1.085" /><testcase classname="backend.tests.test_ads_routing.TestAdsRouting" name="test_put_ad_settings_positions" time="0.709" /><testcase classname="backend.tests.test_ads_routing.TestAdsRouting" name="test_get_active_ads" time="0.588" /><testcase classname="backend.tests.test_ads_routing.TestAdsRouting" name="test_get_active_ads_by_position" time="0.565" /><testcase classname="backend.tests.test_ads_routing.TestAdsRouting" name="test_get_ad_analytics" time="0.505" /><testcase classname="backend.tests.test_ads_routing.TestAdsRouting" name="test_create_ad" time="0.662" /><testcase classname="backend.tests.test_ads_routing.TestAdsRouting" name="test_get_all_ads" time="0.523" /><testcase classname="backend.tests.test_ads_routing.TestAdsRouting" name="test_update_ad_by_id" time="0.877" /><testcase classname="backend.tests.test_ads_routing.TestAdsRouting" name="test_toggle_ad" time="0.839" /><testcase classname="backend.tests.test_ads_routing.TestAdsRouting" name="test_delete_ad" time="0.802" /><testcase classname="backend.tests.test_ads_routing.TestAdsRouting" name="test_track_ad_click" time="0.865" /></testsuite></testsuites>