<?xml version="1.0" encoding="utf-8"?><testsuites name="pytest tests"><testsuite name="pytest" errors="0" failures="0" skipped="0" tests="7" time="5.064" timestamp="2026-04-13T04:41:02.010684+00:00" hostname="agent-env-d970c3c7-c0dc-4ecb-b74d-c9aec2b4fae3"><testcase classname="backend.tests.test_arabic_translations.TestBackendAPIs" name="test_login_endpoint" time="2.319" /><testcase classname="backend.tests.test_arabic_translations.TestBackendAPIs" name="test_messages_endpoint_with_limit" time="0.433" /><testcase classname="backend.tests.test_arabic_translations.TestBackendAPIs" name="test_chats_endpoint_with_limit" time="0.417" /><testcase classname="backend.tests.test_arabic_translations.TestBackendAPIs" name="test_services_endpoint" time="0.461" /><testcase classname="backend.tests.test_arabic_translations.TestBackendAPIs" name="test_users_endpoint" time="0.443" /><testcase classname="backend.tests.test_arabic_translations.TestBackendAPIs" name="test_residences_endpoint" time="0.436" /><testcase classname="backend.tests.test_arabic_translations.TestBackendAPIs" name="test_health_check" time="0.407" /></testsuite></testsuites>