<?xml version="1.0" encoding="utf-8"?><testsuites name="pytest tests"><testsuite name="pytest" errors="0" failures="0" skipped="8" tests="18" time="6.581" timestamp="2026-04-13T09:13:32.567727+00:00" hostname="agent-env-d970c3c7-c0dc-4ecb-b74d-c9aec2b4fae3"><testcase classname="backend.tests.test_complaints_system.TestComplaintsSystem" name="test_create_complaint_with_all_fields" time="1.340" /><testcase classname="backend.tests.test_complaints_system.TestComplaintsSystem" name="test_create_suggestion" time="0.464" /><testcase classname="backend.tests.test_complaints_system.TestComplaintsSystem" name="test_create_inquiry" time="0.430" /><testcase classname="backend.tests.test_complaints_system.TestComplaintsSystem" name="test_create_complaint_urgent_priority" time="0.414" /><testcase classname="backend.tests.test_complaints_system.TestComplaintsSystem" name="test_create_complaint_missing_title" time="0.408" /><testcase classname="backend.tests.test_complaints_system.TestComplaintsSystem" name="test_get_complaints_list_with_summary" time="0.424" /><testcase classname="backend.tests.test_complaints_system.TestComplaintsSystem" name="test_filter_complaints_by_type_complaint" time="0.418" /><testcase classname="backend.tests.test_complaints_system.TestComplaintsSystem" name="test_filter_complaints_by_type_suggestion" time="0.424" /><testcase classname="backend.tests.test_complaints_system.TestComplaintsSystem" name="test_filter_complaints_by_status_open" time="0.450" /><testcase classname="backend.tests.test_complaints_system.TestComplaintsSystem" name="test_filter_complaints_by_status_in_progress" time="0.546" /><testcase classname="backend.tests.test_complaints_system.TestComplaintsSystem" name="test_filter_complaints_combined_type_and_status" time="0.147"><skipped type="pytest.skip" message="Admin login failed: 429">/app/backend/tests/test_complaints_system.py:36: Admin login failed: 429</skipped></testcase><testcase classname="backend.tests.test_complaints_system.TestComplaintsSystem" name="test_admin_respond_to_complaint_change_status" time="0.131"><skipped type="pytest.skip" message="Admin login failed: 429">/app/backend/tests/test_complaints_system.py:36: Admin login failed: 429</skipped></testcase><testcase classname="backend.tests.test_complaints_system.TestComplaintsSystem" name="test_admin_resolve_complaint" time="0.133"><skipped type="pytest.skip" message="Admin login failed: 429">/app/backend/tests/test_complaints_system.py:36: Admin login failed: 429</skipped></testcase><testcase classname="backend.tests.test_complaints_system.TestComplaintsSystem" name="test_admin_close_complaint" time="0.120"><skipped type="pytest.skip" message="Admin login failed: 429">/app/backend/tests/test_complaints_system.py:36: Admin login failed: 429</skipped></testcase><testcase classname="backend.tests.test_complaints_system.TestComplaintsSystem" name="test_respond_to_nonexistent_complaint" time="0.153"><skipped type="pytest.skip" message="Admin login failed: 429">/app/backend/tests/test_complaints_system.py:36: Admin login failed: 429</skipped></testcase><testcase classname="backend.tests.test_complaints_system.TestComplaintsSystem" name="test_complaint_has_required_fields" time="0.115"><skipped type="pytest.skip" message="Admin login failed: 429">/app/backend/tests/test_complaints_system.py:36: Admin login failed: 429</skipped></testcase><testcase classname="backend.tests.test_complaints_system.TestComplaintsSystem" name="test_complaint_status_values" time="0.137"><skipped type="pytest.skip" message="Admin login failed: 429">/app/backend/tests/test_complaints_system.py:36: Admin login failed: 429</skipped></testcase><testcase classname="backend.tests.test_complaints_system.TestComplaintsSystem" name="test_complaint_type_values" time="0.119"><skipped type="pytest.skip" message="Admin login failed: 429">/app/backend/tests/test_complaints_system.py:36: Admin login failed: 429</skipped></testcase></testsuite></testsuites>