<?xml version="1.0" encoding="utf-8"?><testsuites name="pytest tests"><testsuite name="pytest" errors="0" failures="1" skipped="0" tests="17" time="9.072" timestamp="2026-04-15T03:40:19.438942+00:00" hostname="agent-env-d970c3c7-c0dc-4ecb-b74d-c9aec2b4fae3"><testcase classname="tests.test_company_subscriptions.TestCompanySubscriptionsAPI" name="test_01_login_as_app_owner" time="1.373" /><testcase classname="tests.test_company_subscriptions.TestCompanySubscriptionsAPI" name="test_02_get_company_subscriptions_unauthorized" time="0.130" /><testcase classname="tests.test_company_subscriptions.TestCompanySubscriptionsAPI" name="test_03_get_company_subscriptions_as_app_owner" time="0.439" /><testcase classname="tests.test_company_subscriptions.TestCompanySubscriptionsAPI" name="test_04_verify_stats_values" time="0.543" /><testcase classname="tests.test_company_subscriptions.TestCompanySubscriptionsAPI" name="test_05_verify_company_list_structure" time="0.441" /><testcase classname="tests.test_company_subscriptions.TestCompanySubscriptionsAPI" name="test_06_search_functionality" time="0.565" /><testcase classname="tests.test_company_subscriptions.TestCompanySubscriptionsAPI" name="test_07_status_filter_active" time="0.447" /><testcase classname="tests.test_company_subscriptions.TestCompanySubscriptionsAPI" name="test_08_status_filter_expired" time="0.486" /><testcase classname="tests.test_company_subscriptions.TestCompanySubscriptionsAPI" name="test_09_put_change_plan" time="0.609" /><testcase classname="tests.test_company_subscriptions.TestCompanySubscriptionsAPI" name="test_10_put_renew_subscription" time="0.559" /><testcase classname="tests.test_company_subscriptions.TestCompanySubscriptionsAPI" name="test_11_put_suspend_and_activate" time="0.654" /><testcase classname="tests.test_company_subscriptions.TestCompanySubscriptionsAPI" name="test_12_invalid_action" time="0.478" /><testcase classname="tests.test_company_subscriptions.TestCompanySubscriptionsAPI" name="test_13_super_admin_access" time="0.436" /><testcase classname="tests.test_company_subscriptions.TestCompanySubscriptionsAPI" name="test_14_company_details_structure" time="0.432" /><testcase classname="tests.test_company_subscriptions.TestOwnerSidebarNavigation" name="test_owner_dashboard_api" time="0.445" /><testcase classname="tests.test_company_subscriptions.TestOwnerSidebarNavigation" name="test_compounds_api" time="0.407" /><testcase classname="tests.test_company_subscriptions.TestOwnerSidebarNavigation" name="test_users_api" time="0.415"><failure message="AssertionError: Users API failed: {&quot;detail&quot;:&quot;Not Found&quot;}&#10;assert 404 == 200&#10; +  where 404 = &lt;Response [404]&gt;.status_code">tests/test_company_subscriptions.py:408: in test_users_api
    assert response.status_code == 200, f"Users API failed: {response.text}"
E   AssertionError: Users API failed: {"detail":"Not Found"}
E   assert 404 == 200
E    +  where 404 = &lt;Response [404]&gt;.status_code</failure></testcase></testsuite></testsuites>