<?xml version="1.0" encoding="utf-8"?><testsuites name="pytest tests"><testsuite name="pytest" errors="0" failures="0" skipped="5" tests="14" time="5.635" timestamp="2026-04-13T08:49:00.917814+00:00" hostname="agent-env-d970c3c7-c0dc-4ecb-b74d-c9aec2b4fae3"><testcase classname="backend.tests.test_contracts_management.TestContractsManagement" name="test_get_contracts_returns_list_with_summary" time="0.504" /><testcase classname="backend.tests.test_contracts_management.TestContractsManagement" name="test_contracts_have_days_remaining_and_urgency" time="0.463" /><testcase classname="backend.tests.test_contracts_management.TestContractsManagement" name="test_create_contract_success" time="0.560" /><testcase classname="backend.tests.test_contracts_management.TestContractsManagement" name="test_create_contract_critical_urgency" time="0.546" /><testcase classname="backend.tests.test_contracts_management.TestContractsManagement" name="test_create_contract_warning_urgency" time="0.549" /><testcase classname="backend.tests.test_contracts_management.TestContractsManagement" name="test_create_contract_expired" time="0.555" /><testcase classname="backend.tests.test_contracts_management.TestContractsManagement" name="test_create_contract_missing_required_fields" time="0.134"><skipped type="pytest.skip" message="Login failed: 429 - {&quot;error&quot;:&quot;Rate limit exceeded: 5 per 1 minute&quot;}">/app/backend/tests/test_contracts_management.py:244: Login failed: 429 - {"error":"Rate limit exceeded: 5 per 1 minute"}</skipped></testcase><testcase classname="backend.tests.test_contracts_management.TestContractsManagement" name="test_update_contract_success" time="0.606" /><testcase classname="backend.tests.test_contracts_management.TestContractsManagement" name="test_update_nonexistent_contract" time="0.477" /><testcase classname="backend.tests.test_contracts_management.TestContractsManagement" name="test_delete_contract_success" time="0.556" /><testcase classname="backend.tests.test_contracts_management.TestContractsManagement" name="test_delete_nonexistent_contract" time="0.190"><skipped type="pytest.skip" message="Login failed: 429 - {&quot;error&quot;:&quot;Rate limit exceeded: 5 per 1 minute&quot;}">/app/backend/tests/test_contracts_management.py:353: Login failed: 429 - {"error":"Rate limit exceeded: 5 per 1 minute"}</skipped></testcase><testcase classname="backend.tests.test_contracts_management.TestContractsManagement" name="test_contracts_unauthorized" time="0.149"><skipped type="pytest.skip" message="Login failed: 429 - {&quot;error&quot;:&quot;Rate limit exceeded: 5 per 1 minute&quot;}">/app/backend/tests/test_contracts_management.py:363: Login failed: 429 - {"error":"Rate limit exceeded: 5 per 1 minute"}</skipped></testcase><testcase classname="backend.tests.test_contracts_management.TestSmartRatingAlerts" name="test_negative_rating_triggers_notification" time="0.122"><skipped type="pytest.skip" message="Login failed: 429">/app/backend/tests/test_contracts_management.py:408: Login failed: 429</skipped></testcase><testcase classname="backend.tests.test_contracts_management.TestSmartRatingAlerts" name="test_positive_rating_no_alert" time="0.124"><skipped type="pytest.skip" message="Login failed: 429">/app/backend/tests/test_contracts_management.py:442: Login failed: 429</skipped></testcase></testsuite></testsuites>