<?xml version="1.0" encoding="utf-8"?><testsuites name="pytest tests"><testsuite name="pytest" errors="0" failures="0" skipped="2" tests="9" time="6.826" timestamp="2026-04-13T04:53:58.568980+00:00" hostname="agent-env-d970c3c7-c0dc-4ecb-b74d-c9aec2b4fae3"><testcase classname="backend.tests.test_dashboard_notifications.TestDashboardAdmin" name="test_dashboard_admin_returns_200" time="2.898" /><testcase classname="backend.tests.test_dashboard_notifications.TestDashboardAdmin" name="test_dashboard_admin_has_statistics" time="0.515" /><testcase classname="backend.tests.test_dashboard_notifications.TestDashboardAdmin" name="test_dashboard_admin_has_recent_activities" time="0.464" /><testcase classname="backend.tests.test_dashboard_notifications.TestDashboardAdmin" name="test_dashboard_admin_has_recent_notifications" time="0.478" /><testcase classname="backend.tests.test_dashboard_notifications.TestDashboardAdmin" name="test_dashboard_admin_has_compound_info" time="0.439" /><testcase classname="backend.tests.test_dashboard_notifications.TestNotificationsMy" name="test_notifications_my_returns_200" time="0.429" /><testcase classname="backend.tests.test_dashboard_notifications.TestNotificationsMy" name="test_notifications_my_returns_list" time="0.454" /><testcase classname="backend.tests.test_dashboard_notifications.TestAdminNotificationTrigger" name="test_add_family_member_triggers_notification" time="0.824"><skipped type="pytest.skip" message="Add family member failed: 422">/app/backend/tests/test_dashboard_notifications.py:217: Add family member failed: 422</skipped></testcase><testcase classname="backend.tests.test_dashboard_notifications.TestDashboardRefresh" name="test_dashboard_multiple_calls_consistent" time="0.125"><skipped type="pytest.skip" message="Login failed: 429">/app/backend/tests/test_dashboard_notifications.py:261: Login failed: 429</skipped></testcase></testsuite></testsuites>