<?xml version="1.0" encoding="utf-8"?><testsuites name="pytest tests"><testsuite name="pytest" errors="0" failures="0" skipped="2" tests="11" time="5.482" timestamp="2026-04-13T08:16:42.268342+00:00" hostname="agent-env-d970c3c7-c0dc-4ecb-b74d-c9aec2b4fae3"><testcase classname="backend.tests.test_excel_export_and_daily_reports.TestExcelExportAndDailyReports" name="test_excel_export_returns_valid_file" time="0.483" /><testcase classname="backend.tests.test_excel_export_and_daily_reports.TestExcelExportAndDailyReports" name="test_excel_export_with_month_filter" time="0.438" /><testcase classname="backend.tests.test_excel_export_and_daily_reports.TestExcelExportAndDailyReports" name="test_excel_export_has_5_sheets" time="0.636" /><testcase classname="backend.tests.test_excel_export_and_daily_reports.TestExcelExportAndDailyReports" name="test_excel_export_requires_auth" time="0.505" /><testcase classname="backend.tests.test_excel_export_and_daily_reports.TestExcelExportAndDailyReports" name="test_trigger_daily_reports_endpoint" time="1.278" /><testcase classname="backend.tests.test_excel_export_and_daily_reports.TestExcelExportAndDailyReports" name="test_trigger_daily_reports_requires_admin" time="0.496" /><testcase classname="backend.tests.test_excel_export_and_daily_reports.TestExcelExportAndDailyReports" name="test_balance_sheet_returns_monthly_breakdown" time="0.410" /><testcase classname="backend.tests.test_excel_export_and_daily_reports.TestExcelExportAndDailyReports" name="test_balance_sheet_has_collection_rate" time="0.410" /><testcase classname="backend.tests.test_excel_export_and_daily_reports.TestExcelExportAndDailyReports" name="test_balance_sheet_has_expenses_by_category" time="0.143"><skipped type="pytest.skip" message="Login failed: 429">/app/backend/tests/test_excel_export_and_daily_reports.py:178: Login failed: 429</skipped></testcase><testcase classname="backend.tests.test_excel_export_and_daily_reports.TestExcelExportAndDailyReports" name="test_balance_sheet_has_revenue_by_source" time="0.417" /><testcase classname="backend.tests.test_excel_export_and_daily_reports.TestComparisonTabData" name="test_monthly_data_structure_for_charts" time="0.149"><skipped type="pytest.skip" message="Login failed: 429">/app/backend/tests/test_excel_export_and_daily_reports.py:220: Login failed: 429</skipped></testcase></testsuite></testsuites>