<?xml version="1.0" encoding="utf-8"?><testsuites name="pytest tests"><testsuite name="pytest" errors="0" failures="0" skipped="0" tests="16" time="4.270" timestamp="2026-04-13T05:51:54.066708+00:00" hostname="agent-env-d970c3c7-c0dc-4ecb-b74d-c9aec2b4fae3"><testcase classname="backend.tests.test_financial_management.TestBalanceSheet" name="test_get_balance_sheet_success" time="0.541" /><testcase classname="backend.tests.test_financial_management.TestBalanceSheet" name="test_balance_sheet_without_year" time="0.136" /><testcase classname="backend.tests.test_financial_management.TestObligations" name="test_get_obligations_success" time="0.135" /><testcase classname="backend.tests.test_financial_management.TestObligations" name="test_create_obligation_and_verify" time="0.273" /><testcase classname="backend.tests.test_financial_management.TestObligations" name="test_obligations_filter_by_month_year" time="0.406" /><testcase classname="backend.tests.test_financial_management.TestUnitCharges" name="test_get_unit_charges_success" time="0.145" /><testcase classname="backend.tests.test_financial_management.TestUnitCharges" name="test_unit_charges_filter_by_status" time="0.262" /><testcase classname="backend.tests.test_financial_management.TestUnitCharges" name="test_mark_charge_paid_and_verify" time="0.418" /><testcase classname="backend.tests.test_financial_management.TestUnitCharges" name="test_mark_nonexistent_charge_paid" time="0.128" /><testcase classname="backend.tests.test_financial_management.TestNotifyUnpaid" name="test_notify_unpaid_success" time="0.125" /><testcase classname="backend.tests.test_financial_management.TestNotifyUnpaid" name="test_notify_unpaid_with_filters" time="0.147" /><testcase classname="backend.tests.test_financial_management.TestExpenses" name="test_add_expense_success" time="0.287" /><testcase classname="backend.tests.test_financial_management.TestExpenses" name="test_add_expense_different_categories" time="0.791" /><testcase classname="backend.tests.test_financial_management.TestAuthRequired" name="test_balance_sheet_requires_auth" time="0.129" /><testcase classname="backend.tests.test_financial_management.TestAuthRequired" name="test_obligations_requires_auth" time="0.125" /><testcase classname="backend.tests.test_financial_management.TestAuthRequired" name="test_unit_charges_requires_auth" time="0.117" /></testsuite></testsuites>