<?xml version="1.0" encoding="utf-8"?><testsuites name="pytest tests"><testsuite name="pytest" errors="0" failures="0" skipped="0" tests="11" time="8.168" timestamp="2026-05-01T10:39:52.071187+00:00" hostname="agent-env-d970c3c7-c0dc-4ecb-b74d-c9aec2b4fae3"><testcase classname="backend.tests.test_iter60_stripe_payments.TestAuthGuard" name="test_create_session_requires_auth" time="4.040" /><testcase classname="backend.tests.test_iter60_stripe_payments.TestCreateCheckoutValidation" name="test_invalid_plan_returns_400" time="0.493" /><testcase classname="backend.tests.test_iter60_stripe_payments.TestCreateCheckoutValidation" name="test_starter_plan_returns_400" time="0.132" /><testcase classname="backend.tests.test_iter60_stripe_payments.TestCreateCheckoutValidation" name="test_user_without_company_returns_400" time="0.507" /><testcase classname="backend.tests.test_iter60_stripe_payments.TestCreateCheckoutHappy" name="test_business_session_created" time="0.639" /><testcase classname="backend.tests.test_iter60_stripe_payments.TestCreateCheckoutHappy" name="test_status_for_owned_session" time="0.334" /><testcase classname="backend.tests.test_iter60_stripe_payments.TestCreateCheckoutHappy" name="test_my_transactions_contains_session" time="0.130" /><testcase classname="backend.tests.test_iter60_stripe_payments.TestCrossUserAccess" name="test_other_user_cannot_read_session" time="0.490" /><testcase classname="backend.tests.test_iter60_stripe_payments.TestCrossUserAccess" name="test_nonexistent_session_returns_404" time="0.131" /><testcase classname="backend.tests.test_iter60_stripe_payments.TestCrossUserAccess" name="test_ent_cannot_see_newco_txn_in_their_list" time="0.131" /><testcase classname="backend.tests.test_iter60_stripe_payments.TestRegisterPendingPayment" name="test_register_business_plan_is_pending_payment" time="1.020" /></testsuite></testsuites>