<?xml version="1.0" encoding="utf-8"?><testsuites name="pytest tests"><testsuite name="pytest" errors="0" failures="0" skipped="0" tests="12" time="5.095" timestamp="2026-04-25T09:34:53.818296+00:00" hostname="agent-env-d970c3c7-c0dc-4ecb-b74d-c9aec2b4fae3"><testcase classname="backend.tests.test_iter45_compound_invites" name="test_list_invites_unauthenticated" time="0.228" /><testcase classname="backend.tests.test_iter45_compound_invites" name="test_create_invite_unauthenticated" time="0.124" /><testcase classname="backend.tests.test_iter45_compound_invites" name="test_public_token_invalid_returns_404" time="0.140" /><testcase classname="backend.tests.test_iter45_compound_invites" name="test_create_bad_role_returns_400" time="0.495" /><testcase classname="backend.tests.test_iter45_compound_invites" name="test_dalia_create_lists_at_top" time="0.636" /><testcase classname="backend.tests.test_iter45_compound_invites" name="test_public_view_token_returns_compound_info" time="0.129" /><testcase classname="backend.tests.test_iter45_compound_invites" name="test_public_accept_creates_user_and_increments" time="0.871" /><testcase classname="backend.tests.test_iter45_compound_invites" name="test_accept_short_password_400" time="0.127" /><testcase classname="backend.tests.test_iter45_compound_invites" name="test_dalia_can_revoke" time="0.386" /><testcase classname="backend.tests.test_iter45_compound_invites" name="test_wide_scope_can_create_for_any_compound[creds0]" time="0.616" /><testcase classname="backend.tests.test_iter45_compound_invites" name="test_wide_scope_can_create_for_any_compound[creds1]" time="0.603" /><testcase classname="backend.tests.test_iter45_compound_invites" name="test_wide_scope_list_all" time="0.636" /></testsuite></testsuites>