<?xml version="1.0" encoding="utf-8"?><testsuites name="pytest tests"><testsuite name="pytest" errors="0" failures="0" skipped="0" tests="11" time="38.765" timestamp="2026-04-26T21:49:00.392239+00:00" hostname="agent-env-d970c3c7-c0dc-4ecb-b74d-c9aec2b4fae3"><testcase classname="backend.tests.test_iter51_2fa_indexes_scheduler.Test2FAHardening" name="test_disable_missing_password_returns_422" time="5.275" /><testcase classname="backend.tests.test_iter51_2fa_indexes_scheduler.Test2FAHardening" name="test_disable_wrong_password_returns_401" time="0.359" /><testcase classname="backend.tests.test_iter51_2fa_indexes_scheduler.Test2FAHardening" name="test_disable_correct_password_and_totp_succeeds" time="2.715" /><testcase classname="backend.tests.test_iter51_2fa_indexes_scheduler.TestMongoIndexes" name="test_indexes_present" time="0.125" /><testcase classname="backend.tests.test_iter51_2fa_indexes_scheduler.TestMonthlyScheduler" name="test_status_endpoint_shape" time="0.144" /><testcase classname="backend.tests.test_iter51_2fa_indexes_scheduler.TestMonthlyScheduler" name="test_run_invalid_month_returns_400" time="0.133" /><testcase classname="backend.tests.test_iter51_2fa_indexes_scheduler.TestMonthlyScheduler" name="test_run_valid_month_queues_and_records" time="13.223" /><testcase classname="backend.tests.test_iter51_2fa_indexes_scheduler.TestMonthlyScheduler" name="test_idempotent_rerun_does_not_duplicate" time="15.309" /><testcase classname="backend.tests.test_iter51_2fa_indexes_scheduler.TestMonthlyScheduler" name="test_non_admin_gets_403_on_run" time="0.650" /><testcase classname="backend.tests.test_iter51_2fa_indexes_scheduler.TestRegression" name="test_compounds_services_bookings_visitors_audit" time="0.575" /><testcase classname="backend.tests.test_iter51_2fa_indexes_scheduler.TestRegression" name="test_2fa_setup_endpoint_still_responsive" time="0.139" /></testsuite></testsuites>