<?xml version="1.0" encoding="utf-8"?><testsuites name="pytest tests"><testsuite name="pytest" errors="0" failures="0" skipped="0" tests="56" time="26.870" timestamp="2026-06-26T16:13:42.270454+00:00" hostname="agent-env-d970c3c7-c0dc-4ecb-b74d-c9aec2b4fae3"><testcase classname="backend.tests.test_iter145_security_insights.TestSecurityInsights" name="test_owner_can_access" time="0.915" /><testcase classname="backend.tests.test_iter145_security_insights.TestSecurityInsights" name="test_resident_cannot_access" time="0.510" /><testcase classname="backend.tests.test_iter145_security_insights.TestSecurityInsights" name="test_suspicious_ip_surfaces" time="0.177" /><testcase classname="backend.tests.test_iter145_security_insights.TestSecurityInsights" name="test_currently_locked_detects_seeded_user" time="0.212" /><testcase classname="backend.tests.test_iter145_security_insights.TestSecurityInsights" name="test_targeted_user_with_existence_flag" time="0.178" /><testcase classname="backend.tests.test_iter146_auto_ban.TestAutoBan" name="test_run_once_creates_ban_for_brute_ip" time="0.038" /><testcase classname="backend.tests.test_iter146_auto_ban.TestAutoBan" name="test_run_once_below_threshold_no_ban" time="0.010" /><testcase classname="backend.tests.test_iter146_auto_ban.TestBannedIpsApi" name="test_owner_can_list_bans" time="0.627" /><testcase classname="backend.tests.test_iter146_auto_ban.TestBannedIpsApi" name="test_owner_can_unban" time="0.278" /><testcase classname="backend.tests.test_iter146_auto_ban.TestBannedIpsApi" name="test_unban_nonexistent_returns_404" time="0.129" /><testcase classname="backend.tests.test_iter146_auto_ban.TestGlobalAlert" name="test_alert_fires_above_global_threshold" time="0.465" /><testcase classname="backend.tests.test_iter147_mandatory_2fa.TestMandatory2FAEnrolment" name="test_owner_login_returns_setup_required" time="0.440" /><testcase classname="backend.tests.test_iter147_mandatory_2fa.TestMandatory2FAEnrolment" name="test_resident_login_unaffected" time="0.401" /><testcase classname="backend.tests.test_iter147_mandatory_2fa.TestMandatory2FAEnrolment" name="test_full_enrolment_flow_e2e" time="3.001" /><testcase classname="backend.tests.test_iter147_mandatory_2fa.TestMandatory2FAEnrolment" name="test_setup_token_cannot_open_api" time="0.539" /><testcase classname="backend.tests.test_iter147_mandatory_2fa.TestMandatory2FAEnrolment" name="test_invalid_code_rejected" time="0.645" /><testcase classname="backend.tests.test_iter148_mobile_auth" name="test_register_company_admin_succeeds" time="0.674" /><testcase classname="backend.tests.test_iter148_mobile_auth" name="test_register_resident_requires_compound_and_unit" time="0.814" /><testcase classname="backend.tests.test_iter148_mobile_auth" name="test_register_resident_unknown_compound" time="0.129" /><testcase classname="backend.tests.test_iter148_mobile_auth" name="test_register_weak_password_rejected" time="0.140" /><testcase classname="backend.tests.test_iter148_mobile_auth" name="test_register_duplicate_rejected" time="0.751" /><testcase classname="backend.tests.test_iter148_mobile_auth" name="test_company_admin_requires_company_name" time="0.143" /><testcase classname="backend.tests.test_iter148_mobile_auth" name="test_otp_verify_wrong_then_correct" time="0.908" /><testcase classname="backend.tests.test_iter148_mobile_auth" name="test_resend_cooldown" time="0.800" /><testcase classname="backend.tests.test_iter148_mobile_auth" name="test_login_and_me" time="1.193" /><testcase classname="backend.tests.test_iter148_mobile_auth" name="test_login_wrong_password" time="0.258" /><testcase classname="backend.tests.test_iter148_mobile_auth" name="test_me_requires_auth" time="0.136" /><testcase classname="backend.tests.test_iter148_mobile_auth" name="test_resend_anti_enumeration" time="0.133" /><testcase classname="backend.tests.test_iter151_perf_optimizations" name="test_export_full_structure_shape" time="2.237" /><testcase classname="backend.tests.test_iter151_perf_optimizations" name="test_companies_listing_shape" time="0.082" /><testcase classname="backend.tests.test_iter151_perf_optimizations" name="test_top10_companies_shape" time="0.057" /><testcase classname="backend.tests.test_iter151_perf_optimizations" name="test_analytics_dashboard_shape" time="0.076" /><testcase classname="backend.tests.test_iter151_perf_optimizations" name="test_analytics_export_csv" time="0.080" /><testcase classname="backend.tests.test_iter151_perf_optimizations" name="test_ads_pdf_export_threadpool" time="0.189" /><testcase classname="backend.tests.test_iter151_perf_optimizations" name="test_bulk_import_template_threadpool" time="0.061" /><testcase classname="backend.tests.test_iter151_perf_optimizations" name="test_export_runs_concurrently" time="6.760" /><testcase classname="backend.tests.test_iter152_audit_geoip" name="test_geoip_private_ips_return_none" time="0.006" /><testcase classname="backend.tests.test_iter152_audit_geoip" name="test_geoip_public_ips_return_data" time="0.008" /><testcase classname="backend.tests.test_iter152_audit_geoip" name="test_geoip_cache_round_trip" time="0.008" /><testcase classname="backend.tests.test_iter152_audit_geoip" name="test_company_lifecycle_audit_trail" time="0.496" /><testcase classname="backend.tests.test_iter152_audit_geoip" name="test_audit_summary_top_countries" time="0.055" /><testcase classname="backend.tests.test_iter152_audit_geoip" name="test_audit_logs_geo_enrichment" time="0.054" /><testcase classname="backend.tests.test_iter152_audit_geoip" name="test_audit_logs_country_filter" time="0.060" /><testcase classname="backend.tests.test_iter152_audit_geoip" name="test_backfill_geo_endpoint" time="0.048" /><testcase classname="backend.tests.test_iter152_audit_geoip" name="test_audit_logs_no_geo_param_still_works" time="0.053" /><testcase classname="backend.tests.test_iter152_audit_geoip" name="test_audit_logs_filters_combined" time="0.054" /><testcase classname="backend.tests.test_iter153_whatsapp" name="test_normalize_phone_variants" time="0.004" /><testcase classname="backend.tests.test_iter153_whatsapp" name="test_is_whatsapp_configured" time="0.003" /><testcase classname="backend.tests.test_iter153_whatsapp" name="test_whatsapp_status_endpoint" time="0.392" /><testcase classname="backend.tests.test_iter153_whatsapp" name="test_whatsapp_normalize_test_endpoint" time="0.178" /><testcase classname="backend.tests.test_iter153_whatsapp" name="test_whatsapp_send_invalid_phone" time="0.048" /><testcase classname="backend.tests.test_iter153_whatsapp" name="test_whatsapp_send_creates_log_and_audit" time="0.406" /><testcase classname="backend.tests.test_iter153_whatsapp" name="test_whatsapp_send_requires_admin" time="0.044" /><testcase classname="backend.tests.test_iter153_whatsapp" name="test_whatsapp_logs_endpoint_pagination" time="0.099" /><testcase classname="backend.tests.test_iter153_whatsapp" name="test_whatsapp_webhook_invalid_signature" time="0.046" /><testcase classname="backend.tests.test_iter153_whatsapp" name="test_whatsapp_bulk_send_super_admin_only" time="0.251" /></testsuite></testsuites>