<?xml version="1.0" encoding="utf-8"?><testsuites name="pytest tests"><testsuite name="pytest" errors="0" failures="0" skipped="0" tests="10" time="5.983" timestamp="2026-04-19T00:57:38.547691+00:00" hostname="agent-env-d970c3c7-c0dc-4ecb-b74d-c9aec2b4fae3"><testcase classname="backend.tests.test_iter29_hierarchical_subs.TestHierarchicalSubs" name="test_as_app_owner" time="3.311" /><testcase classname="backend.tests.test_iter29_hierarchical_subs.TestHierarchicalSubs" name="test_as_super_admin" time="0.537" /><testcase classname="backend.tests.test_iter29_hierarchical_subs.TestHierarchicalSubs" name="test_forbidden_for_regular_admin" time="0.550" /><testcase classname="backend.tests.test_iter29_hierarchical_subs.TestSendGift" name="test_extend_trial" time="0.261" /><testcase classname="backend.tests.test_iter29_hierarchical_subs.TestSendGift" name="test_free_subscription" time="0.135" /><testcase classname="backend.tests.test_iter29_hierarchical_subs.TestSendGift" name="test_discount_coupon" time="0.353" /><testcase classname="backend.tests.test_iter29_hierarchical_subs.TestSendGift" name="test_invalid_type" time="0.142" /><testcase classname="backend.tests.test_iter29_hierarchical_subs.TestSendGift" name="test_nonexistent_user" time="0.136" /><testcase classname="backend.tests.test_iter29_hierarchical_subs.TestCompoundFullDetails" name="test_full_details" time="0.307" /><testcase classname="backend.tests.test_iter29_hierarchical_subs.TestCompoundFullDetails" name="test_nonexistent_compound" time="0.138" /></testsuite></testsuites>