<?xml version="1.0" encoding="utf-8"?><testsuites name="pytest tests"><testsuite name="pytest" errors="0" failures="0" skipped="0" tests="41" time="20.422" timestamp="2026-06-26T14:43:58.882636+00:00" hostname="agent-env-d970c3c7-c0dc-4ecb-b74d-c9aec2b4fae3"><testcase classname="backend.tests.test_iter145_security_insights.TestSecurityInsights" name="test_owner_can_access" time="0.898" /><testcase classname="backend.tests.test_iter145_security_insights.TestSecurityInsights" name="test_resident_cannot_access" time="0.542" /><testcase classname="backend.tests.test_iter145_security_insights.TestSecurityInsights" name="test_suspicious_ip_surfaces" time="0.189" /><testcase classname="backend.tests.test_iter145_security_insights.TestSecurityInsights" name="test_currently_locked_detects_seeded_user" time="0.186" /><testcase classname="backend.tests.test_iter145_security_insights.TestSecurityInsights" name="test_targeted_user_with_existence_flag" time="0.174" /><testcase classname="backend.tests.test_iter146_auto_ban.TestAutoBan" name="test_run_once_creates_ban_for_brute_ip" time="0.039" /><testcase classname="backend.tests.test_iter146_auto_ban.TestAutoBan" name="test_run_once_below_threshold_no_ban" time="0.011" /><testcase classname="backend.tests.test_iter146_auto_ban.TestBannedIpsApi" name="test_owner_can_list_bans" time="0.644" /><testcase classname="backend.tests.test_iter146_auto_ban.TestBannedIpsApi" name="test_owner_can_unban" time="0.254" /><testcase classname="backend.tests.test_iter146_auto_ban.TestBannedIpsApi" name="test_unban_nonexistent_returns_404" time="0.132" /><testcase classname="backend.tests.test_iter146_auto_ban.TestGlobalAlert" name="test_alert_fires_above_global_threshold" time="0.501" /><testcase classname="backend.tests.test_iter148_mobile_auth" name="test_register_company_admin_succeeds" time="0.652" /><testcase classname="backend.tests.test_iter148_mobile_auth" name="test_register_resident_requires_compound_and_unit" time="0.750" /><testcase classname="backend.tests.test_iter148_mobile_auth" name="test_register_resident_unknown_compound" time="0.137" /><testcase classname="backend.tests.test_iter148_mobile_auth" name="test_register_weak_password_rejected" time="0.153" /><testcase classname="backend.tests.test_iter148_mobile_auth" name="test_register_duplicate_rejected" time="0.766" /><testcase classname="backend.tests.test_iter148_mobile_auth" name="test_company_admin_requires_company_name" time="0.127" /><testcase classname="backend.tests.test_iter148_mobile_auth" name="test_otp_verify_wrong_then_correct" time="0.966" /><testcase classname="backend.tests.test_iter148_mobile_auth" name="test_resend_cooldown" time="0.797" /><testcase classname="backend.tests.test_iter148_mobile_auth" name="test_login_and_me" time="1.161" /><testcase classname="backend.tests.test_iter148_mobile_auth" name="test_login_wrong_password" time="0.294" /><testcase classname="backend.tests.test_iter148_mobile_auth" name="test_me_requires_auth" time="0.135" /><testcase classname="backend.tests.test_iter148_mobile_auth" name="test_resend_anti_enumeration" time="0.130" /><testcase classname="backend.tests.test_iter151_perf_optimizations" name="test_export_full_structure_shape" time="2.299" /><testcase classname="backend.tests.test_iter151_perf_optimizations" name="test_companies_listing_shape" time="0.080" /><testcase classname="backend.tests.test_iter151_perf_optimizations" name="test_top10_companies_shape" time="0.053" /><testcase classname="backend.tests.test_iter151_perf_optimizations" name="test_analytics_dashboard_shape" time="0.077" /><testcase classname="backend.tests.test_iter151_perf_optimizations" name="test_analytics_export_csv" time="0.073" /><testcase classname="backend.tests.test_iter151_perf_optimizations" name="test_ads_pdf_export_threadpool" time="0.201" /><testcase classname="backend.tests.test_iter151_perf_optimizations" name="test_bulk_import_template_threadpool" time="0.060" /><testcase classname="backend.tests.test_iter151_perf_optimizations" name="test_export_runs_concurrently" time="6.796" /><testcase classname="backend.tests.test_iter152_audit_geoip" name="test_geoip_private_ips_return_none" time="0.006" /><testcase classname="backend.tests.test_iter152_audit_geoip" name="test_geoip_public_ips_return_data" time="0.009" /><testcase classname="backend.tests.test_iter152_audit_geoip" name="test_geoip_cache_round_trip" time="0.016" /><testcase classname="backend.tests.test_iter152_audit_geoip" name="test_company_lifecycle_audit_trail" time="0.492" /><testcase classname="backend.tests.test_iter152_audit_geoip" name="test_audit_summary_top_countries" time="0.055" /><testcase classname="backend.tests.test_iter152_audit_geoip" name="test_audit_logs_geo_enrichment" time="0.053" /><testcase classname="backend.tests.test_iter152_audit_geoip" name="test_audit_logs_country_filter" time="0.061" /><testcase classname="backend.tests.test_iter152_audit_geoip" name="test_backfill_geo_endpoint" time="0.047" /><testcase classname="backend.tests.test_iter152_audit_geoip" name="test_audit_logs_no_geo_param_still_works" time="0.052" /><testcase classname="backend.tests.test_iter152_audit_geoip" name="test_audit_logs_filters_combined" time="0.055" /></testsuite></testsuites>