<?xml version="1.0" encoding="utf-8"?><testsuites name="pytest tests"><testsuite name="pytest" errors="0" failures="0" skipped="0" tests="7" time="3.469" timestamp="2026-04-17T22:46:32.349689+00:00" hostname="agent-env-d970c3c7-c0dc-4ecb-b74d-c9aec2b4fae3"><testcase classname="backend.tests.test_iteration24_features.TestAuthentication" name="test_super_admin_login" time="1.058" /><testcase classname="backend.tests.test_iteration24_features.TestAuthentication" name="test_owner_login" time="0.366" /><testcase classname="backend.tests.test_iteration24_features.TestRatingsStats" name="test_ratings_stats_returns_200" time="0.557" /><testcase classname="backend.tests.test_iteration24_features.TestRatingsStats" name="test_ratings_stats_structure" time="0.541" /><testcase classname="backend.tests.test_iteration24_features.TestRatingsStats" name="test_ratings_stats_owner_access" time="0.495" /><testcase classname="backend.tests.test_iteration24_features.TestRatingsStats" name="test_ratings_stats_requires_auth" time="0.141" /><testcase classname="backend.tests.test_iteration24_features.TestHealthCheck" name="test_api_health" time="0.157" /></testsuite></testsuites>