<?xml version="1.0" encoding="utf-8"?><testsuites name="pytest tests"><testsuite name="pytest" errors="0" failures="0" skipped="0" tests="12" time="5.651" timestamp="2026-04-25T21:18:01.932229+00:00" hostname="agent-env-d970c3c7-c0dc-4ecb-b74d-c9aec2b4fae3"><testcase classname="backend.tests.test_iter49_invite_polish" name="test_invite_stats_period_days[7-7]" time="2.406" /><testcase classname="backend.tests.test_iter49_invite_polish" name="test_invite_stats_period_days[30-30]" time="0.192" /><testcase classname="backend.tests.test_iter49_invite_polish" name="test_invite_stats_period_days[90-90]" time="0.199" /><testcase classname="backend.tests.test_iter49_invite_polish" name="test_invite_stats_period_days[all-None]" time="0.171" /><testcase classname="backend.tests.test_iter49_invite_polish" name="test_invite_stats_period_days_invalid" time="0.172" /><testcase classname="backend.tests.test_iter49_invite_polish" name="test_export_csv_no_auth" time="0.131" /><testcase classname="backend.tests.test_iter49_invite_polish" name="test_export_csv_owner" time="0.148" /><testcase classname="backend.tests.test_iter49_invite_polish" name="test_invite_analytics_owner" time="0.144" /><testcase classname="backend.tests.test_iter49_invite_polish" name="test_invite_analytics_period_7" time="0.147" /><testcase classname="backend.tests.test_iter49_invite_polish" name="test_invite_analytics_resident_forbidden" time="0.513" /><testcase classname="backend.tests.test_iter49_invite_polish" name="test_family_invite_invitee_name_round_trip" time="0.809" /><testcase classname="backend.tests.test_iter49_invite_polish" name="test_family_invite_invitee_name_hint_key" time="0.495" /></testsuite></testsuites>