<?xml version="1.0" encoding="utf-8"?><testsuites name="pytest tests"><testsuite name="pytest" errors="0" failures="0" skipped="0" tests="5" time="6.159" timestamp="2026-06-03T12:49:49.270845+00:00" hostname="agent-env-d970c3c7-c0dc-4ecb-b74d-c9aec2b4fae3"><testcase classname="backend.tests.test_iter68_regression_fixes.TestResidentRegisterNoCompoundId" name="test_resident_register_without_compound_id_returns_200" time="4.078" /><testcase classname="backend.tests.test_iter68_regression_fixes.TestResidentRegisterNoCompoundId" name="test_resident_register_persists_family_with_default_compound" time="0.768" /><testcase classname="backend.tests.test_iter68_regression_fixes.TestSanityLogins" name="test_login_succeeds[Owner_homeme-Dalia1234@-app_owner]" time="0.386" /><testcase classname="backend.tests.test_iter68_regression_fixes.TestSanityLogins" name="test_login_succeeds[superadmin-SuperAdmin2024!-super_admin]" time="0.416" /><testcase classname="backend.tests.test_iter68_regression_fixes.TestSanityLogins" name="test_login_succeeds[testcompany2-Company123!-company_admin]" time="0.365" /></testsuite></testsuites>