<?xml version="1.0" encoding="utf-8"?><testsuites name="pytest tests"><testsuite name="pytest" errors="0" failures="0" skipped="0" tests="66" time="30.306" timestamp="2026-06-26T22:18:26.463306+00:00" hostname="agent-env-d970c3c7-c0dc-4ecb-b74d-c9aec2b4fae3"><testcase classname="tests.test_iter145_security_insights.TestSecurityInsights" name="test_owner_can_access" time="0.799" /><testcase classname="tests.test_iter145_security_insights.TestSecurityInsights" name="test_resident_cannot_access" time="0.539" /><testcase classname="tests.test_iter145_security_insights.TestSecurityInsights" name="test_suspicious_ip_surfaces" time="0.175" /><testcase classname="tests.test_iter145_security_insights.TestSecurityInsights" name="test_currently_locked_detects_seeded_user" time="0.158" /><testcase classname="tests.test_iter145_security_insights.TestSecurityInsights" name="test_targeted_user_with_existence_flag" time="0.157" /><testcase classname="tests.test_iter146_auto_ban.TestAutoBan" name="test_run_once_creates_ban_for_brute_ip" time="0.046" /><testcase classname="tests.test_iter146_auto_ban.TestAutoBan" name="test_run_once_below_threshold_no_ban" time="0.008" /><testcase classname="tests.test_iter146_auto_ban.TestBannedIpsApi" name="test_owner_can_list_bans" time="0.652" /><testcase classname="tests.test_iter146_auto_ban.TestBannedIpsApi" name="test_owner_can_unban" time="0.256" /><testcase classname="tests.test_iter146_auto_ban.TestBannedIpsApi" name="test_unban_nonexistent_returns_404" time="0.132" /><testcase classname="tests.test_iter146_auto_ban.TestGlobalAlert" name="test_alert_fires_above_global_threshold" time="0.458" /><testcase classname="tests.test_iter147_mandatory_2fa.TestMandatory2FAEnrolment" name="test_owner_login_returns_setup_required" time="0.378" /><testcase classname="tests.test_iter147_mandatory_2fa.TestMandatory2FAEnrolment" name="test_resident_login_unaffected" time="0.381" /><testcase classname="tests.test_iter147_mandatory_2fa.TestMandatory2FAEnrolment" name="test_full_enrolment_flow_e2e" time="2.916" /><testcase classname="tests.test_iter147_mandatory_2fa.TestMandatory2FAEnrolment" name="test_setup_token_cannot_open_api" time="0.561" /><testcase classname="tests.test_iter147_mandatory_2fa.TestMandatory2FAEnrolment" name="test_invalid_code_rejected" time="0.639" /><testcase classname="tests.test_iter148_mobile_auth" name="test_register_company_admin_succeeds" time="0.756" /><testcase classname="tests.test_iter148_mobile_auth" name="test_register_resident_requires_compound_and_unit" time="0.787" /><testcase classname="tests.test_iter148_mobile_auth" name="test_register_resident_unknown_compound" time="0.148" /><testcase classname="tests.test_iter148_mobile_auth" name="test_register_weak_password_rejected" time="0.129" /><testcase classname="tests.test_iter148_mobile_auth" name="test_register_duplicate_rejected" time="0.768" /><testcase classname="tests.test_iter148_mobile_auth" name="test_company_admin_requires_company_name" time="0.146" /><testcase classname="tests.test_iter148_mobile_auth" name="test_otp_verify_wrong_then_correct" time="1.632" /><testcase classname="tests.test_iter148_mobile_auth" name="test_resend_cooldown" time="0.839" /><testcase classname="tests.test_iter148_mobile_auth" name="test_login_and_me" time="1.179" /><testcase classname="tests.test_iter148_mobile_auth" name="test_login_wrong_password" time="0.279" /><testcase classname="tests.test_iter148_mobile_auth" name="test_me_requires_auth" time="0.174" /><testcase classname="tests.test_iter148_mobile_auth" name="test_resend_anti_enumeration" time="0.146" /><testcase classname="tests.test_iter151_perf_optimizations" name="test_export_full_structure_shape" time="2.324" /><testcase classname="tests.test_iter151_perf_optimizations" name="test_companies_listing_shape" time="0.087" /><testcase classname="tests.test_iter151_perf_optimizations" name="test_top10_companies_shape" time="0.054" /><testcase classname="tests.test_iter151_perf_optimizations" name="test_analytics_dashboard_shape" time="0.076" /><testcase classname="tests.test_iter151_perf_optimizations" name="test_analytics_export_csv" time="0.076" /><testcase classname="tests.test_iter151_perf_optimizations" name="test_ads_pdf_export_threadpool" time="0.183" /><testcase classname="tests.test_iter151_perf_optimizations" name="test_bulk_import_template_threadpool" time="0.058" /><testcase classname="tests.test_iter151_perf_optimizations" name="test_export_runs_concurrently" time="7.387" /><testcase classname="tests.test_iter152_audit_geoip" name="test_geoip_private_ips_return_none" time="0.006" /><testcase classname="tests.test_iter152_audit_geoip" name="test_geoip_public_ips_return_data" time="0.024" /><testcase classname="tests.test_iter152_audit_geoip" name="test_geoip_cache_round_trip" time="0.008" /><testcase classname="tests.test_iter152_audit_geoip" name="test_company_lifecycle_audit_trail" time="0.495" /><testcase classname="tests.test_iter152_audit_geoip" name="test_audit_summary_top_countries" time="0.055" /><testcase classname="tests.test_iter152_audit_geoip" name="test_audit_logs_geo_enrichment" time="0.052" /><testcase classname="tests.test_iter152_audit_geoip" name="test_audit_logs_country_filter" time="0.059" /><testcase classname="tests.test_iter152_audit_geoip" name="test_backfill_geo_endpoint" time="0.048" /><testcase classname="tests.test_iter152_audit_geoip" name="test_audit_logs_no_geo_param_still_works" time="0.052" /><testcase classname="tests.test_iter152_audit_geoip" name="test_audit_logs_filters_combined" time="0.055" /><testcase classname="tests.test_iter153_whatsapp" name="test_normalize_phone_variants" time="0.004" /><testcase classname="tests.test_iter153_whatsapp" name="test_is_whatsapp_configured" time="0.003" /><testcase classname="tests.test_iter153_whatsapp" name="test_whatsapp_status_endpoint" time="0.389" /><testcase classname="tests.test_iter153_whatsapp" name="test_whatsapp_normalize_test_endpoint" time="0.180" /><testcase classname="tests.test_iter153_whatsapp" name="test_whatsapp_send_invalid_phone" time="0.049" /><testcase classname="tests.test_iter153_whatsapp" name="test_whatsapp_send_creates_log_and_audit" time="0.522" /><testcase classname="tests.test_iter153_whatsapp" name="test_whatsapp_send_requires_admin" time="0.043" /><testcase classname="tests.test_iter153_whatsapp" name="test_whatsapp_logs_endpoint_pagination" time="0.099" /><testcase classname="tests.test_iter153_whatsapp" name="test_whatsapp_webhook_invalid_signature" time="0.046" /><testcase classname="tests.test_iter153_whatsapp" name="test_whatsapp_bulk_send_super_admin_only" time="0.206" /><testcase classname="tests.test_iter154_fcm" name="test_fcm_configured" time="0.251" /><testcase classname="tests.test_iter154_fcm" name="test_fcm_status_endpoint" time="0.585" /><testcase classname="tests.test_iter154_fcm" name="test_register_token_idempotent" time="0.189" /><testcase classname="tests.test_iter154_fcm" name="test_multi_device_per_user" time="0.227" /><testcase classname="tests.test_iter154_fcm" name="test_send_to_user_with_no_devices" time="0.058" /><testcase classname="tests.test_iter154_fcm" name="test_test_endpoint_with_fake_token_fails_gracefully" time="0.425" /><testcase classname="tests.test_iter154_fcm" name="test_audit_log_for_fcm_actions" time="0.159" /><testcase classname="tests.test_iter154_fcm" name="test_logs_endpoint_paginates" time="0.091" /><testcase classname="tests.test_iter154_fcm" name="test_register_requires_auth" time="0.043" /><testcase classname="tests.test_iter154_fcm" name="test_send_requires_admin" time="0.042" /></testsuite></testsuites>