<?xml version="1.0" encoding="utf-8"?><testsuites name="pytest tests"><testsuite name="pytest" errors="0" failures="0" skipped="0" tests="16" time="4.935" timestamp="2026-04-21T14:44:29.854379+00:00" hostname="agent-env-d970c3c7-c0dc-4ecb-b74d-c9aec2b4fae3"><testcase classname="backend.tests.test_iter38_superadmin_split.TestSuperadminStays" name="test_1_dashboard" time="0.907" /><testcase classname="backend.tests.test_iter38_superadmin_split.TestSuperadminStays" name="test_2_compounds" time="0.214" /><testcase classname="backend.tests.test_iter38_superadmin_split.TestSuperadminStays" name="test_3_hierarchical_subs" time="0.161" /><testcase classname="backend.tests.test_iter38_superadmin_split.TestSuperadminStays" name="test_6_compound_full_details" time="0.312" /><testcase classname="backend.tests.test_iter38_superadmin_split.TestSuperadminStays" name="test_7_users" time="0.143" /><testcase classname="backend.tests.test_iter38_superadmin_split.TestSuperadminStays" name="test_8_create_user" time="0.552" /><testcase classname="backend.tests.test_iter38_superadmin_split.TestSuperadminStays" name="test_9_subscription_analytics" time="0.158" /><testcase classname="backend.tests.test_iter38_superadmin_split.TestSuperadminStays" name="test_14_expiring_soon_count" time="0.148" /><testcase classname="backend.tests.test_iter38_superadmin_split.TestSuperadminStays" name="test_15_auto_renewal_config" time="0.157" /><testcase classname="backend.tests.test_iter38_superadmin_split.TestSuperadminGifts" name="test_4_send_gift_extend_trial" time="0.785" /><testcase classname="backend.tests.test_iter38_superadmin_split.TestSuperadminGifts" name="test_5_bulk_renewal_offer_preview" time="0.138" /><testcase classname="backend.tests.test_iter38_superadmin_split.TestSuperadminCompanies" name="test_10_list_companies" time="0.136" /><testcase classname="backend.tests.test_iter38_superadmin_split.TestSuperadminCompanies" name="test_11_create_company" time="0.487" /><testcase classname="backend.tests.test_iter38_superadmin_split.TestSuperadminCompanies" name="test_12_top10_companies" time="0.152" /><testcase classname="backend.tests.test_iter38_superadmin_split.TestSuperadminCampaigns" name="test_13_bulk_campaigns" time="0.221" /><testcase classname="backend.tests.test_iter38_superadmin_split.TestAuthGuard" name="test_unauthenticated_rejected_on_moved_endpoint" time="0.128" /></testsuite></testsuites>