<?xml version="1.0" encoding="utf-8"?><testsuites name="pytest tests"><testsuite name="pytest" errors="0" failures="0" skipped="2" tests="18" time="10.230" timestamp="2026-06-03T15:04:51.785541+00:00" hostname="agent-env-d970c3c7-c0dc-4ecb-b74d-c9aec2b4fae3"><testcase classname="backend.tests.test_iter69_audit_post_bounce.TestAuthLogins" name="test_app_owner_login" time="3.443" /><testcase classname="backend.tests.test_iter69_audit_post_bounce.TestAuthLogins" name="test_super_admin_login" time="0.404" /><testcase classname="backend.tests.test_iter69_audit_post_bounce.TestAuthLogins" name="test_company_admin_login" time="0.365" /><testcase classname="backend.tests.test_iter69_audit_post_bounce.TestEmailLogs" name="test_email_logs_list" time="0.525" /><testcase classname="backend.tests.test_iter69_audit_post_bounce.TestEmailLogs" name="test_email_logs_stats" time="0.146" /><testcase classname="backend.tests.test_iter69_audit_post_bounce.TestEmailLogs" name="test_check_bounces" time="0.494" /><testcase classname="backend.tests.test_iter69_audit_post_bounce.TestEmailVerification" name="test_register_blocks_login_until_verified" time="0.784" /><testcase classname="backend.tests.test_iter69_audit_post_bounce.TestEmailVerification" name="test_smoke_email_bypass_verification" time="0.739" /><testcase classname="backend.tests.test_iter69_audit_post_bounce.TestSidebarBadges" name="test_sidebar_badges_super" time="0.160" /><testcase classname="backend.tests.test_iter69_audit_post_bounce.TestAIAssistant" name="test_ai_chat" time="1.594" /><testcase classname="backend.tests.test_iter69_audit_post_bounce.TestAIAssistant" name="test_ai_usage" time="0.149" /><testcase classname="backend.tests.test_iter69_audit_post_bounce.TestAIInsights" name="test_insights_me" time="0.292" /><testcase classname="backend.tests.test_iter69_audit_post_bounce.TestBlog" name="test_blog_posts_public" time="0.137"><skipped type="pytest.skip" message="BLOG: /api/blog/posts returns empty list. Expected DB + hardcoded posts per main agent. REPORTED.">/app/backend/tests/test_iter69_audit_post_bounce.py:212: BLOG: /api/blog/posts returns empty list. Expected DB + hardcoded posts per main agent. REPORTED.</skipped></testcase><testcase classname="backend.tests.test_iter69_audit_post_bounce.TestBlog" name="test_blog_comments_public" time="0.152" /><testcase classname="backend.tests.test_iter69_audit_post_bounce.TestBlog" name="test_blog_submit_comment_pending" time="0.137" /><testcase classname="backend.tests.test_iter69_audit_post_bounce.TestStripePlans" name="test_plans_public" time="0.143" /><testcase classname="backend.tests.test_iter69_audit_post_bounce.TestAIAutopilot" name="test_configs_super" time="0.277" /><testcase classname="backend.tests.test_iter69_audit_post_bounce.TestHealth" name="test_health" time="0.135"><skipped type="pytest.skip" message="HEALTH: Endpoint reachable (200) but status=unhealthy (expected 'ok=true' or 'healthy'). collections=missing. REPORTED.">/app/backend/tests/test_iter69_audit_post_bounce.py:289: HEALTH: Endpoint reachable (200) but status=unhealthy (expected 'ok=true' or 'healthy'). collections=missing. REPORTED.</skipped></testcase></testsuite></testsuites>