<?xml version="1.0" encoding="utf-8"?><testsuites name="pytest tests"><testsuite name="pytest" errors="0" failures="1" skipped="0" tests="12" time="623.566" timestamp="2026-04-19T02:38:53.817729+00:00" hostname="agent-env-d970c3c7-c0dc-4ecb-b74d-c9aec2b4fae3"><testcase classname="backend.tests.test_iter33_ab_campaign.TestBulkRenewalCampaignId" name="test_send_no_ab_has_campaign_id" time="143.551" /><testcase classname="backend.tests.test_iter33_ab_campaign.TestBulkRenewalCampaignId" name="test_send_with_ab_split" time="274.988" /><testcase classname="backend.tests.test_iter33_ab_campaign.TestBulkRenewalCampaignId" name="test_ab_missing_variant_b_silently_disabled" time="142.200" /><testcase classname="backend.tests.test_iter33_ab_campaign.TestBulkCampaignsVariantStats" name="test_campaigns_have_variant_keys" time="0.148" /><testcase classname="backend.tests.test_iter33_ab_campaign.TestBulkCampaignsVariantStats" name="test_conversion_rate_computation" time="0.188" /><testcase classname="backend.tests.test_iter33_ab_campaign.TestAutoRenewalHelper" name="test_config_roundtrip" time="0.473" /><testcase classname="backend.tests.test_iter33_ab_campaign.TestAutoRenewalHelper" name="test_helper_imports_and_has_campaign_id_code" time="0.443" /><testcase classname="backend.tests.test_iter33_ab_campaign.TestGiftRegression" name="test_gift_endpoint_still_works" time="60.144"><failure message="AssertionError: The preview environment is not responding. It may be starting up.&#10;  &#10;assert 502 == 200&#10; +  where 502 = &lt;Response [502]&gt;.status_code">backend/tests/test_iter33_ab_campaign.py:236: in test_gift_endpoint_still_works
    assert r.status_code == 200, r.text
E   AssertionError: The preview environment is not responding. It may be starting up.
E     
E   assert 502 == 200
E    +  where 502 = &lt;Response [502]&gt;.status_code</failure></testcase><testcase classname="backend.tests.test_iter33_ab_campaign.TestGiftRegression" name="test_expiring_count_still_200" time="0.291" /><testcase classname="backend.tests.test_iter33_ab_campaign.TestGiftRegression" name="test_hierarchical_subs_still_200" time="0.193" /><testcase classname="backend.tests.test_iter33_ab_campaign.TestGiftRegression" name="test_auto_renewal_config_still_200" time="0.149" /><testcase classname="backend.tests.test_iter33_ab_campaign.TestAdminForbidden" name="test_bulk_send_forbidden_admin" time="0.607" /></testsuite></testsuites>