<?xml version="1.0" encoding="utf-8"?><testsuites name="pytest tests"><testsuite name="pytest" errors="0" failures="0" skipped="0" tests="66" time="29.996" timestamp="2026-06-26T22:38:39.287944+00:00" hostname="agent-env-d970c3c7-c0dc-4ecb-b74d-c9aec2b4fae3"><testcase classname="backend.tests.test_iter145_security_insights.TestSecurityInsights" name="test_owner_can_access" time="0.948" /><testcase classname="backend.tests.test_iter145_security_insights.TestSecurityInsights" name="test_resident_cannot_access" time="0.524" /><testcase classname="backend.tests.test_iter145_security_insights.TestSecurityInsights" name="test_suspicious_ip_surfaces" time="0.186" /><testcase classname="backend.tests.test_iter145_security_insights.TestSecurityInsights" name="test_currently_locked_detects_seeded_user" time="0.179" /><testcase classname="backend.tests.test_iter145_security_insights.TestSecurityInsights" name="test_targeted_user_with_existence_flag" time="0.164" /><testcase classname="backend.tests.test_iter146_auto_ban.TestAutoBan" name="test_run_once_creates_ban_for_brute_ip" time="0.040" /><testcase classname="backend.tests.test_iter146_auto_ban.TestAutoBan" name="test_run_once_below_threshold_no_ban" time="0.009" /><testcase classname="backend.tests.test_iter146_auto_ban.TestBannedIpsApi" name="test_owner_can_list_bans" time="0.625" /><testcase classname="backend.tests.test_iter146_auto_ban.TestBannedIpsApi" name="test_owner_can_unban" time="0.297" /><testcase classname="backend.tests.test_iter146_auto_ban.TestBannedIpsApi" name="test_unban_nonexistent_returns_404" time="0.127" /><testcase classname="backend.tests.test_iter146_auto_ban.TestGlobalAlert" name="test_alert_fires_above_global_threshold" time="0.406" /><testcase classname="backend.tests.test_iter147_mandatory_2fa.TestMandatory2FAEnrolment" name="test_owner_login_returns_setup_required" time="0.374" /><testcase classname="backend.tests.test_iter147_mandatory_2fa.TestMandatory2FAEnrolment" name="test_resident_login_unaffected" time="0.369" /><testcase classname="backend.tests.test_iter147_mandatory_2fa.TestMandatory2FAEnrolment" name="test_full_enrolment_flow_e2e" time="2.958" /><testcase classname="backend.tests.test_iter147_mandatory_2fa.TestMandatory2FAEnrolment" name="test_setup_token_cannot_open_api" time="0.488" /><testcase classname="backend.tests.test_iter147_mandatory_2fa.TestMandatory2FAEnrolment" name="test_invalid_code_rejected" time="0.813" /><testcase classname="backend.tests.test_iter148_mobile_auth" name="test_register_company_admin_succeeds" time="0.683" /><testcase classname="backend.tests.test_iter148_mobile_auth" name="test_register_resident_requires_compound_and_unit" time="0.765" /><testcase classname="backend.tests.test_iter148_mobile_auth" name="test_register_resident_unknown_compound" time="0.128" /><testcase classname="backend.tests.test_iter148_mobile_auth" name="test_register_weak_password_rejected" time="0.126" /><testcase classname="backend.tests.test_iter148_mobile_auth" name="test_register_duplicate_rejected" time="0.807" /><testcase classname="backend.tests.test_iter148_mobile_auth" name="test_company_admin_requires_company_name" time="0.122" /><testcase classname="backend.tests.test_iter148_mobile_auth" name="test_otp_verify_wrong_then_correct" time="0.923" /><testcase classname="backend.tests.test_iter148_mobile_auth" name="test_resend_cooldown" time="0.750" /><testcase classname="backend.tests.test_iter148_mobile_auth" name="test_login_and_me" time="1.143" /><testcase classname="backend.tests.test_iter148_mobile_auth" name="test_login_wrong_password" time="0.258" /><testcase classname="backend.tests.test_iter148_mobile_auth" name="test_me_requires_auth" time="0.141" /><testcase classname="backend.tests.test_iter148_mobile_auth" name="test_resend_anti_enumeration" time="0.177" /><testcase classname="backend.tests.test_iter151_perf_optimizations" name="test_export_full_structure_shape" time="2.302" /><testcase classname="backend.tests.test_iter151_perf_optimizations" name="test_companies_listing_shape" time="0.089" /><testcase classname="backend.tests.test_iter151_perf_optimizations" name="test_top10_companies_shape" time="0.056" /><testcase classname="backend.tests.test_iter151_perf_optimizations" name="test_analytics_dashboard_shape" time="0.081" /><testcase classname="backend.tests.test_iter151_perf_optimizations" name="test_analytics_export_csv" time="0.072" /><testcase classname="backend.tests.test_iter151_perf_optimizations" name="test_ads_pdf_export_threadpool" time="0.197" /><testcase classname="backend.tests.test_iter151_perf_optimizations" name="test_bulk_import_template_threadpool" time="0.064" /><testcase classname="backend.tests.test_iter151_perf_optimizations" name="test_export_runs_concurrently" time="7.839" /><testcase classname="backend.tests.test_iter152_audit_geoip" name="test_geoip_private_ips_return_none" time="0.024" /><testcase classname="backend.tests.test_iter152_audit_geoip" name="test_geoip_public_ips_return_data" time="0.009" /><testcase classname="backend.tests.test_iter152_audit_geoip" name="test_geoip_cache_round_trip" time="0.009" /><testcase classname="backend.tests.test_iter152_audit_geoip" name="test_company_lifecycle_audit_trail" time="0.498" /><testcase classname="backend.tests.test_iter152_audit_geoip" name="test_audit_summary_top_countries" time="0.085" /><testcase classname="backend.tests.test_iter152_audit_geoip" name="test_audit_logs_geo_enrichment" time="0.053" /><testcase classname="backend.tests.test_iter152_audit_geoip" name="test_audit_logs_country_filter" time="0.059" /><testcase classname="backend.tests.test_iter152_audit_geoip" name="test_backfill_geo_endpoint" time="0.049" /><testcase classname="backend.tests.test_iter152_audit_geoip" name="test_audit_logs_no_geo_param_still_works" time="0.052" /><testcase classname="backend.tests.test_iter152_audit_geoip" name="test_audit_logs_filters_combined" time="0.054" /><testcase classname="backend.tests.test_iter153_whatsapp" name="test_normalize_phone_variants" time="0.004" /><testcase classname="backend.tests.test_iter153_whatsapp" name="test_is_whatsapp_configured" time="0.003" /><testcase classname="backend.tests.test_iter153_whatsapp" name="test_whatsapp_status_endpoint" time="0.382" /><testcase classname="backend.tests.test_iter153_whatsapp" name="test_whatsapp_normalize_test_endpoint" time="0.177" /><testcase classname="backend.tests.test_iter153_whatsapp" name="test_whatsapp_send_invalid_phone" time="0.046" /><testcase classname="backend.tests.test_iter153_whatsapp" name="test_whatsapp_send_creates_log_and_audit" time="0.484" /><testcase classname="backend.tests.test_iter153_whatsapp" name="test_whatsapp_send_requires_admin" time="0.043" /><testcase classname="backend.tests.test_iter153_whatsapp" name="test_whatsapp_logs_endpoint_pagination" time="0.098" /><testcase classname="backend.tests.test_iter153_whatsapp" name="test_whatsapp_webhook_invalid_signature" time="0.046" /><testcase classname="backend.tests.test_iter153_whatsapp" name="test_whatsapp_bulk_send_super_admin_only" time="0.194" /><testcase classname="backend.tests.test_iter154_fcm" name="test_fcm_configured" time="0.212" /><testcase classname="backend.tests.test_iter154_fcm" name="test_fcm_status_endpoint" time="0.572" /><testcase classname="backend.tests.test_iter154_fcm" name="test_register_token_idempotent" time="0.210" /><testcase classname="backend.tests.test_iter154_fcm" name="test_multi_device_per_user" time="0.238" /><testcase classname="backend.tests.test_iter154_fcm" name="test_send_to_user_with_no_devices" time="0.047" /><testcase classname="backend.tests.test_iter154_fcm" name="test_test_endpoint_with_fake_token_fails_gracefully" time="0.398" /><testcase classname="backend.tests.test_iter154_fcm" name="test_audit_log_for_fcm_actions" time="0.142" /><testcase classname="backend.tests.test_iter154_fcm" name="test_logs_endpoint_paginates" time="0.092" /><testcase classname="backend.tests.test_iter154_fcm" name="test_register_requires_auth" time="0.052" /><testcase classname="backend.tests.test_iter154_fcm" name="test_send_requires_admin" time="0.047" /></testsuite></testsuites>