<?xml version="1.0" encoding="utf-8"?><testsuites name="pytest tests"><testsuite name="pytest" errors="0" failures="0" skipped="0" tests="12" time="14.297" timestamp="2026-04-26T21:27:15.281170+00:00" hostname="agent-env-d970c3c7-c0dc-4ecb-b74d-c9aec2b4fae3"><testcase classname="backend.tests.test_iter50_pdf_2fa_services.TestCompoundServicesBookings" name="test_get_compound_services" time="2.240" /><testcase classname="backend.tests.test_iter50_pdf_2fa_services.TestCompoundServicesBookings" name="test_get_compound_bookings" time="0.131" /><testcase classname="backend.tests.test_iter50_pdf_2fa_services.TestPdfReports" name="test_occupancy_pdf" time="0.654" /><testcase classname="backend.tests.test_iter50_pdf_2fa_services.TestPdfReports" name="test_invoices_pdf" time="0.461" /><testcase classname="backend.tests.test_iter50_pdf_2fa_services.TestPdfReports" name="test_summary_pdf" time="0.452" /><testcase classname="backend.tests.test_iter50_pdf_2fa_services.TestPdfReports" name="test_unit_statement_pdf" time="0.497" /><testcase classname="backend.tests.test_iter50_pdf_2fa_services.TestPdfReports" name="test_invalid_month" time="0.150" /><testcase classname="backend.tests.test_iter50_pdf_2fa_services.TestPdfReports" name="test_rbac_resident_blocked_on_compound_report" time="0.783" /><testcase classname="backend.tests.test_iter50_pdf_2fa_services.TestTwoFactor" name="test_status_before" time="0.170" /><testcase classname="backend.tests.test_iter50_pdf_2fa_services.TestTwoFactor" name="test_full_lifecycle" time="8.328" /><testcase classname="backend.tests.test_iter50_pdf_2fa_services.TestRegression" name="test_compounds_list" time="0.152" /><testcase classname="backend.tests.test_iter50_pdf_2fa_services.TestRegression" name="test_audit_logs" time="0.150" /></testsuite></testsuites>