<?xml version="1.0" encoding="utf-8"?><testsuites name="pytest tests"><testsuite name="pytest" errors="0" failures="0" skipped="0" tests="12" time="105.340" timestamp="2026-05-01T16:40:06.338844+00:00" hostname="agent-env-d970c3c7-c0dc-4ecb-b74d-c9aec2b4fae3"><testcase classname="backend.tests.test_iter65_company_referrals.TestMyReferralLink" name="test_get_my_link_returns_code_and_stats" time="102.854" /><testcase classname="backend.tests.test_iter65_company_referrals.TestPublicLookup" name="test_lookup_valid_code" time="0.169" /><testcase classname="backend.tests.test_iter65_company_referrals.TestPublicLookup" name="test_lookup_invalid_code" time="0.145" /><testcase classname="backend.tests.test_iter65_company_referrals.TestPublicLookup" name="test_lookup_malformed_prefix" time="0.160" /><testcase classname="backend.tests.test_iter65_company_referrals.TestRegisterWithReferral" name="test_register_company_admin_with_valid_ref" time="0.551" /><testcase classname="backend.tests.test_iter65_company_referrals.TestRegisterWithReferral" name="test_register_with_invalid_ref_still_succeeds" time="0.530" /><testcase classname="backend.tests.test_iter65_company_referrals.TestAwardCreditViaDBSeed" name="test_apply_credit_with_zero_pending_returns_400" time="0.140" /><testcase classname="backend.tests.test_iter65_company_referrals.TestReferralHistory" name="test_get_history_lists_referrals" time="0.125" /><testcase classname="backend.tests.test_iter65_company_referrals.TestSuperAdminDashboard" name="test_super_admin_referral_dashboard" time="0.159" /><testcase classname="backend.tests.test_iter65_company_referrals.TestRBAC" name="test_resident_cannot_access_my_link" time="0.126" /><testcase classname="backend.tests.test_iter65_company_referrals.TestRBAC" name="test_resident_cannot_access_super_dashboard" time="0.130" /><testcase classname="backend.tests.test_iter65_company_referrals.TestRBAC" name="test_unauthenticated_my_link_rejected" time="0.124" /></testsuite></testsuites>