<?xml version="1.0" encoding="utf-8"?><testsuites name="pytest tests"><testsuite name="pytest" errors="0" failures="0" skipped="0" tests="29" time="7.471" timestamp="2026-04-19T17:16:13.036547+00:00" hostname="agent-env-d970c3c7-c0dc-4ecb-b74d-c9aec2b4fae3"><testcase classname="backend.tests.test_iter37_contracts_bulk_advertiser.TestManagementContracts" name="test_create_contract_with_pdf" time="1.022" /><testcase classname="backend.tests.test_iter37_contracts_bulk_advertiser.TestManagementContracts" name="test_list_contracts_has_summary" time="0.137" /><testcase classname="backend.tests.test_iter37_contracts_bulk_advertiser.TestManagementContracts" name="test_get_contract_includes_pdf" time="0.169" /><testcase classname="backend.tests.test_iter37_contracts_bulk_advertiser.TestManagementContracts" name="test_download_pdf" time="0.147" /><testcase classname="backend.tests.test_iter37_contracts_bulk_advertiser.TestManagementContracts" name="test_commission_validation" time="0.145" /><testcase classname="backend.tests.test_iter37_contracts_bulk_advertiser.TestManagementContracts" name="test_pdf_size_limit" time="0.851" /><testcase classname="backend.tests.test_iter37_contracts_bulk_advertiser.TestManagementContracts" name="test_update_contract" time="0.135" /><testcase classname="backend.tests.test_iter37_contracts_bulk_advertiser.TestManagementContracts" name="test_expired_contract_auto_status" time="0.157" /><testcase classname="backend.tests.test_iter37_contracts_bulk_advertiser.TestManagementContracts" name="test_process_auto_renew" time="0.128" /><testcase classname="backend.tests.test_iter37_contracts_bulk_advertiser.TestManagementContracts" name="test_delete_contract" time="0.415" /><testcase classname="backend.tests.test_iter37_contracts_bulk_advertiser.TestBulkUsers" name="test_bulk_mixed" time="0.602" /><testcase classname="backend.tests.test_iter37_contracts_bulk_advertiser.TestBulkUsers" name="test_bulk_duplicate_against_db" time="0.133" /><testcase classname="backend.tests.test_iter37_contracts_bulk_advertiser.TestBulkUsers" name="test_bulk_empty_rejected" time="0.155" /><testcase classname="backend.tests.test_iter37_contracts_bulk_advertiser.TestAdvertiser" name="test_register" time="0.358" /><testcase classname="backend.tests.test_iter37_contracts_bulk_advertiser.TestAdvertiser" name="test_register_duplicate" time="0.130" /><testcase classname="backend.tests.test_iter37_contracts_bulk_advertiser.TestAdvertiser" name="test_login_advertiser" time="0.361" /><testcase classname="backend.tests.test_iter37_contracts_bulk_advertiser.TestAdvertiser" name="test_create_ad" time="0.150" /><testcase classname="backend.tests.test_iter37_contracts_bulk_advertiser.TestAdvertiser" name="test_list_my_ads" time="0.160" /><testcase classname="backend.tests.test_iter37_contracts_bulk_advertiser.TestAdvertiser" name="test_update_ad_before_approval" time="0.150" /><testcase classname="backend.tests.test_iter37_contracts_bulk_advertiser.TestAdvertiser" name="test_mock_pay" time="0.146" /><testcase classname="backend.tests.test_iter37_contracts_bulk_advertiser.TestAdvertiser" name="test_ad_status_after_pay" time="0.129" /><testcase classname="backend.tests.test_iter37_contracts_bulk_advertiser.TestAdvertiser" name="test_cannot_update_after_pending_approval" time="0.154" /><testcase classname="backend.tests.test_iter37_contracts_bulk_advertiser.TestAdvertiser" name="test_track_impression_public" time="0.149" /><testcase classname="backend.tests.test_iter37_contracts_bulk_advertiser.TestAdvertiser" name="test_track_click_public" time="0.127" /><testcase classname="backend.tests.test_iter37_contracts_bulk_advertiser.TestAdvertiser" name="test_stats" time="0.133" /><testcase classname="backend.tests.test_iter37_contracts_bulk_advertiser.TestAdvertiser" name="test_sa_list_pending" time="0.132" /><testcase classname="backend.tests.test_iter37_contracts_bulk_advertiser.TestAdvertiser" name="test_sa_approve" time="0.402" /><testcase classname="backend.tests.test_iter37_contracts_bulk_advertiser.TestAdvertiser" name="test_sa_reject" time="0.293" /><testcase classname="backend.tests.test_iter37_contracts_bulk_advertiser.TestAdvertiser" name="test_cannot_delete_approved" time="0.130" /></testsuite></testsuites>