<?xml version="1.0" encoding="utf-8"?><testsuites name="pytest tests"><testsuite name="pytest" errors="0" failures="1" skipped="0" tests="14" time="9.803" timestamp="2026-04-25T09:54:22.662653+00:00" hostname="agent-env-d970c3c7-c0dc-4ecb-b74d-c9aec2b4fae3"><testcase classname="backend.tests.test_iter47_family_invites" name="test_list_unauth" time="2.689" /><testcase classname="backend.tests.test_iter47_family_invites" name="test_create_unauth" time="0.159" /><testcase classname="backend.tests.test_iter47_family_invites" name="test_public_token_invalid_404" time="0.171" /><testcase classname="backend.tests.test_iter47_family_invites" name="test_create_bad_relationship_400" time="0.508" /><testcase classname="backend.tests.test_iter47_family_invites" name="test_create_bad_validity_low_400" time="0.540"><failure message="assert 200 == 400&#10; +  where 200 = &lt;Response [200]&gt;.status_code">backend/tests/test_iter47_family_invites.py:56: in test_create_bad_validity_low_400
    assert r.status_code == 400
E   assert 200 == 400
E    +  where 200 = &lt;Response [200]&gt;.status_code</failure></testcase><testcase classname="backend.tests.test_iter47_family_invites" name="test_create_bad_validity_high_400" time="0.481" /><testcase classname="backend.tests.test_iter47_family_invites" name="test_dalia_create_returns_structured" time="0.720" /><testcase classname="backend.tests.test_iter47_family_invites" name="test_get_lists_only_own" time="0.260" /><testcase classname="backend.tests.test_iter47_family_invites" name="test_public_view_token" time="0.131" /><testcase classname="backend.tests.test_iter47_family_invites" name="test_accept_creates_user_and_increments" time="0.524" /><testcase classname="backend.tests.test_iter47_family_invites" name="test_accept_duplicate_username_400" time="0.773" /><testcase classname="backend.tests.test_iter47_family_invites" name="test_accept_short_password_400" time="0.433" /><testcase classname="backend.tests.test_iter47_family_invites" name="test_revoke_by_other_user_403" time="1.438" /><testcase classname="backend.tests.test_iter47_family_invites" name="test_inviter_no_compound_400" time="0.765" /></testsuite></testsuites>