<?xml version="1.0" encoding="utf-8"?><testsuites name="pytest tests"><testsuite name="pytest" errors="0" failures="1" skipped="0" tests="22" time="7.374" timestamp="2026-04-27T09:30:16.564819+00:00" hostname="agent-env-d970c3c7-c0dc-4ecb-b74d-c9aec2b4fae3"><testcase classname="backend.tests.test_iter54_logo_templates_alerts.TestEmailTemplates" name="test_list_returns_4_templates" time="3.209" /><testcase classname="backend.tests.test_iter54_logo_templates_alerts.TestEmailTemplates" name="test_get_single_template" time="0.126" /><testcase classname="backend.tests.test_iter54_logo_templates_alerts.TestEmailTemplates" name="test_unknown_kind_returns_404" time="0.118" /><testcase classname="backend.tests.test_iter54_logo_templates_alerts.TestEmailTemplates" name="test_put_owner_customizes" time="0.253" /><testcase classname="backend.tests.test_iter54_logo_templates_alerts.TestEmailTemplates" name="test_put_empty_returns_400" time="0.138" /><testcase classname="backend.tests.test_iter54_logo_templates_alerts.TestEmailTemplates" name="test_put_non_owner_returns_403" time="0.495" /><testcase classname="backend.tests.test_iter54_logo_templates_alerts.TestEmailTemplates" name="test_preview_substitutes_variables" time="0.126" /><testcase classname="backend.tests.test_iter54_logo_templates_alerts.TestEmailTemplates" name="test_reset_clears_customization" time="0.300" /><testcase classname="backend.tests.test_iter54_logo_templates_alerts.TestLogoUpload" name="test_upload_valid_png" time="0.256" /><testcase classname="backend.tests.test_iter54_logo_templates_alerts.TestLogoUpload" name="test_upload_wrong_content_type_400" time="0.149" /><testcase classname="backend.tests.test_iter54_logo_templates_alerts.TestLogoUpload" name="test_upload_too_large_returns_413" time="0.335" /><testcase classname="backend.tests.test_iter54_logo_templates_alerts.TestLogoUpload" name="test_uploaded_logo_served_publicly" time="0.169" /><testcase classname="backend.tests.test_iter54_logo_templates_alerts.TestLogoUpload" name="test_upload_non_admin_returns_403" time="0.137"><failure message="AssertionError: expected 403 got 200&#10;assert 200 == 403&#10; +  where 200 = &lt;Response [200]&gt;.status_code">backend/tests/test_iter54_logo_templates_alerts.py:196: in test_upload_non_admin_returns_403
    assert r.status_code == 403, f"expected 403 got {r.status_code}"
E   AssertionError: expected 403 got 200
E   assert 200 == 403
E    +  where 200 = &lt;Response [200]&gt;.status_code</failure></testcase><testcase classname="backend.tests.test_iter54_logo_templates_alerts.TestSMTPAlerts" name="test_list_alerts_owner" time="0.128" /><testcase classname="backend.tests.test_iter54_logo_templates_alerts.TestSMTPAlerts" name="test_check_now_owner" time="0.135" /><testcase classname="backend.tests.test_iter54_logo_templates_alerts.TestSMTPAlerts" name="test_alerts_non_owner_403" time="0.250" /><testcase classname="backend.tests.test_iter54_logo_templates_alerts.TestRegression" name="test_2fa_status" time="0.130" /><testcase classname="backend.tests.test_iter54_logo_templates_alerts.TestRegression" name="test_compounds_list" time="0.136" /><testcase classname="backend.tests.test_iter54_logo_templates_alerts.TestRegression" name="test_audit_logs" time="0.137" /><testcase classname="backend.tests.test_iter54_logo_templates_alerts.TestRegression" name="test_analytics_dashboard_real" time="0.157" /><testcase classname="backend.tests.test_iter54_logo_templates_alerts.TestRegression" name="test_scheduler_status" time="0.179" /><testcase classname="backend.tests.test_iter54_logo_templates_alerts.TestRegression" name="test_smtp_health_stats" time="0.134" /></testsuite></testsuites>