<?xml version="1.0" encoding="utf-8"?><testsuites name="pytest tests"><testsuite name="pytest" errors="0" failures="0" skipped="0" tests="22" time="9.363" timestamp="2026-05-01T12:08:50.949102+00:00" hostname="agent-env-d970c3c7-c0dc-4ecb-b74d-c9aec2b4fae3"><testcase classname="backend.tests.test_iter61_user_crm_renewals.TestRenewalTrigger" name="test_super_admin_can_trigger" time="3.073" /><testcase classname="backend.tests.test_iter61_user_crm_renewals.TestRenewalTrigger" name="test_app_owner_can_trigger" time="0.504" /><testcase classname="backend.tests.test_iter61_user_crm_renewals.TestRenewalTrigger" name="test_resident_cannot_trigger" time="0.495" /><testcase classname="backend.tests.test_iter61_user_crm_renewals.TestRenewalTrigger" name="test_unauthenticated_cannot_trigger" time="0.161" /><testcase classname="backend.tests.test_iter61_user_crm_renewals.TestRenewalTrigger" name="test_idempotent_second_call" time="0.278" /><testcase classname="backend.tests.test_iter61_user_crm_renewals.TestUserCRM" name="test_get_crm_as_super_admin" time="0.124" /><testcase classname="backend.tests.test_iter61_user_crm_renewals.TestUserCRM" name="test_resident_cannot_get_crm" time="0.128" /><testcase classname="backend.tests.test_iter61_user_crm_renewals.TestUserCRM" name="test_add_tag_creates" time="0.431" /><testcase classname="backend.tests.test_iter61_user_crm_renewals.TestUserCRM" name="test_add_tag_idempotent" time="0.258" /><testcase classname="backend.tests.test_iter61_user_crm_renewals.TestUserCRM" name="test_tag_too_long_rejected" time="0.169" /><testcase classname="backend.tests.test_iter61_user_crm_renewals.TestUserCRM" name="test_empty_tag_rejected" time="0.147" /><testcase classname="backend.tests.test_iter61_user_crm_renewals.TestUserCRM" name="test_delete_tag" time="0.444" /><testcase classname="backend.tests.test_iter61_user_crm_renewals.TestUserCRM" name="test_resident_cannot_add_tag" time="0.128" /><testcase classname="backend.tests.test_iter61_user_crm_renewals.TestUserCRM" name="test_create_update_delete_note" time="0.727" /><testcase classname="backend.tests.test_iter61_user_crm_renewals.TestUserCRM" name="test_note_empty_rejected" time="0.144" /><testcase classname="backend.tests.test_iter61_user_crm_renewals.TestUserCRM" name="test_note_too_long_rejected" time="0.136" /><testcase classname="backend.tests.test_iter61_user_crm_renewals.TestUserCRM" name="test_update_nonexistent_note_404" time="0.137" /><testcase classname="backend.tests.test_iter61_user_crm_renewals.TestUserCRM" name="test_resident_cannot_create_note" time="0.133" /><testcase classname="backend.tests.test_iter61_user_crm_renewals.TestUserCRM" name="test_tag_suggestions_for_super_admin" time="0.433" /><testcase classname="backend.tests.test_iter61_user_crm_renewals.TestUserCRM" name="test_tag_suggestions_resident_forbidden" time="0.127" /><testcase classname="backend.tests.test_iter61_user_crm_renewals.TestUserCRM" name="test_nonexistent_user_returns_404" time="0.136" /><testcase classname="backend.tests.test_iter61_user_crm_renewals.TestRBACCrossCompound" name="test_company_admin_cannot_manage_user_outside_their_compound" time="0.907" /></testsuite></testsuites>