<?xml version="1.0" encoding="utf-8"?><testsuites name="pytest tests"><testsuite name="pytest" errors="0" failures="0" skipped="0" tests="11" time="3.806" timestamp="2026-04-24T08:33:30.038557+00:00" hostname="agent-env-d970c3c7-c0dc-4ecb-b74d-c9aec2b4fae3"><testcase classname="backend.tests.test_iter40_compound_subscription.TestLoginSubscriptionFields" name="test_login_returns_subscription_fields_dalia" time="2.145" /><testcase classname="backend.tests.test_iter40_compound_subscription.TestLoginSubscriptionFields" name="test_login_returns_subscription_fields_owner" time="0.365" /><testcase classname="backend.tests.test_iter40_compound_subscription.TestAuthMeSubscriptionFields" name="test_me_dalia_lifetime" time="0.129" /><testcase classname="backend.tests.test_iter40_compound_subscription.TestAuthMeSubscriptionFields" name="test_me_owner_returns_subscription_type" time="0.123" /><testcase classname="backend.tests.test_iter40_compound_subscription.TestCompoundSubscriptionGet" name="test_owner_can_get_royal_city_subscription" time="0.131" /><testcase classname="backend.tests.test_iter40_compound_subscription.TestCompoundSubscriptionGet" name="test_compound_admin_dalia_can_get_own_compound" time="0.143" /><testcase classname="backend.tests.test_iter40_compound_subscription.TestCompoundSubscriptionGet" name="test_admin_of_different_compound_gets_403" time="0.126" /><testcase classname="backend.tests.test_iter40_compound_subscription.TestCompoundSubscriptionGet" name="test_unauth_returns_401_or_403" time="0.144" /><testcase classname="backend.tests.test_iter40_compound_subscription.TestApplyCode" name="test_invalid_code_returns_400" time="0.130" /><testcase classname="backend.tests.test_iter40_compound_subscription.TestApplyCode" name="test_admin_of_other_compound_cannot_apply" time="0.123" /><testcase classname="backend.tests.test_iter40_compound_subscription.TestApplyCode" name="test_empty_code_returns_400" time="0.132" /></testsuite></testsuites>