<?xml version="1.0" encoding="utf-8"?><testsuites name="pytest tests"><testsuite name="pytest" errors="0" failures="1" skipped="0" tests="6" time="8.522" timestamp="2026-06-13T23:37:16.899672+00:00" hostname="agent-env-d970c3c7-c0dc-4ecb-b74d-c9aec2b4fae3"><testcase classname="backend.tests.test_iter142_compounds_trend.TestCompoundsTrend" name="test_default_returns_6_months" time="6.878" /><testcase classname="backend.tests.test_iter142_compounds_trend.TestCompoundsTrend" name="test_residents_cumulative_non_decreasing" time="0.145" /><testcase classname="backend.tests.test_iter142_compounds_trend.TestCompoundsTrend" name="test_resident_token_403" time="0.572" /><testcase classname="backend.tests.test_iter142_compounds_trend.TestCompoundsTrend" name="test_owner_token_403" time="0.485"><failure message="AssertionError: owner should be rejected, got 400 {&quot;detail&quot;:&quot;company_id query param مطلوب لهذا الحساب&quot;}&#10;assert 400 in (401, 403)&#10; +  where 400 = &lt;Response [400]&gt;.status_code">backend/tests/test_iter142_compounds_trend.py:97: in test_owner_token_403
    assert r.status_code in (401, 403), f"owner should be rejected, got {r.status_code} {r.text}"
E   AssertionError: owner should be rejected, got 400 {"detail":"company_id query param مطلوب لهذا الحساب"}
E   assert 400 in (401, 403)
E    +  where 400 = &lt;Response [400]&gt;.status_code</failure></testcase><testcase classname="backend.tests.test_iter142_compounds_trend.TestCompoundsTrend" name="test_unauthenticated_401" time="0.124" /><testcase classname="backend.tests.test_iter142_compounds_trend.TestCompoundsTrend" name="test_custom_months_param" time="0.142" /></testsuite></testsuites>