<?xml version="1.0" encoding="utf-8"?><testsuites name="pytest tests"><testsuite name="pytest" errors="0" failures="0" skipped="0" tests="28" time="14.634" timestamp="2026-06-26T13:16:06.913184+00:00" hostname="agent-env-d970c3c7-c0dc-4ecb-b74d-c9aec2b4fae3"><testcase classname="backend.tests.test_iter145_security_insights.TestSecurityInsights" name="test_owner_can_access" time="0.784" /><testcase classname="backend.tests.test_iter145_security_insights.TestSecurityInsights" name="test_resident_cannot_access" time="0.496" /><testcase classname="backend.tests.test_iter145_security_insights.TestSecurityInsights" name="test_suspicious_ip_surfaces" time="0.184" /><testcase classname="backend.tests.test_iter145_security_insights.TestSecurityInsights" name="test_currently_locked_detects_seeded_user" time="0.175" /><testcase classname="backend.tests.test_iter145_security_insights.TestSecurityInsights" name="test_targeted_user_with_existence_flag" time="0.165" /><testcase classname="backend.tests.test_iter146_auto_ban.TestAutoBan" name="test_run_once_creates_ban_for_brute_ip" time="0.043" /><testcase classname="backend.tests.test_iter146_auto_ban.TestAutoBan" name="test_run_once_below_threshold_no_ban" time="0.011" /><testcase classname="backend.tests.test_iter146_auto_ban.TestBannedIpsApi" name="test_owner_can_list_bans" time="0.654" /><testcase classname="backend.tests.test_iter146_auto_ban.TestBannedIpsApi" name="test_owner_can_unban" time="0.299" /><testcase classname="backend.tests.test_iter146_auto_ban.TestBannedIpsApi" name="test_unban_nonexistent_returns_404" time="0.130" /><testcase classname="backend.tests.test_iter146_auto_ban.TestGlobalAlert" name="test_alert_fires_above_global_threshold" time="0.479" /><testcase classname="backend.tests.test_iter147_mandatory_2fa.TestMandatory2FAEnrolment" name="test_owner_login_returns_setup_required" time="0.370" /><testcase classname="backend.tests.test_iter147_mandatory_2fa.TestMandatory2FAEnrolment" name="test_resident_login_unaffected" time="0.382" /><testcase classname="backend.tests.test_iter147_mandatory_2fa.TestMandatory2FAEnrolment" name="test_full_enrolment_flow_e2e" time="2.943" /><testcase classname="backend.tests.test_iter147_mandatory_2fa.TestMandatory2FAEnrolment" name="test_setup_token_cannot_open_api" time="0.484" /><testcase classname="backend.tests.test_iter147_mandatory_2fa.TestMandatory2FAEnrolment" name="test_invalid_code_rejected" time="0.648" /><testcase classname="backend.tests.test_iter148_mobile_auth" name="test_register_company_admin_succeeds" time="0.693" /><testcase classname="backend.tests.test_iter148_mobile_auth" name="test_register_resident_requires_compound_and_unit" time="0.835" /><testcase classname="backend.tests.test_iter148_mobile_auth" name="test_register_resident_unknown_compound" time="0.133" /><testcase classname="backend.tests.test_iter148_mobile_auth" name="test_register_weak_password_rejected" time="0.129" /><testcase classname="backend.tests.test_iter148_mobile_auth" name="test_register_duplicate_rejected" time="0.783" /><testcase classname="backend.tests.test_iter148_mobile_auth" name="test_company_admin_requires_company_name" time="0.128" /><testcase classname="backend.tests.test_iter148_mobile_auth" name="test_otp_verify_wrong_then_correct" time="0.949" /><testcase classname="backend.tests.test_iter148_mobile_auth" name="test_resend_cooldown" time="0.775" /><testcase classname="backend.tests.test_iter148_mobile_auth" name="test_login_and_me" time="1.165" /><testcase classname="backend.tests.test_iter148_mobile_auth" name="test_login_wrong_password" time="0.255" /><testcase classname="backend.tests.test_iter148_mobile_auth" name="test_me_requires_auth" time="0.130" /><testcase classname="backend.tests.test_iter148_mobile_auth" name="test_resend_anti_enumeration" time="0.132" /></testsuite></testsuites>