<?xml version="1.0" encoding="utf-8"?><testsuites name="pytest tests"><testsuite name="pytest" errors="0" failures="0" skipped="0" tests="10" time="1.773" timestamp="2026-06-26T16:13:30.261240+00:00" hostname="agent-env-d970c3c7-c0dc-4ecb-b74d-c9aec2b4fae3"><testcase classname="backend.tests.test_iter154_fcm" name="test_fcm_configured" time="0.456" /><testcase classname="backend.tests.test_iter154_fcm" name="test_fcm_status_endpoint" time="0.374" /><testcase classname="backend.tests.test_iter154_fcm" name="test_register_token_idempotent" time="0.199" /><testcase classname="backend.tests.test_iter154_fcm" name="test_multi_device_per_user" time="0.228" /><testcase classname="backend.tests.test_iter154_fcm" name="test_send_to_user_with_no_devices" time="0.048" /><testcase classname="backend.tests.test_iter154_fcm" name="test_test_endpoint_with_fake_token_fails_gracefully" time="0.101" /><testcase classname="backend.tests.test_iter154_fcm" name="test_audit_log_for_fcm_actions" time="0.142" /><testcase classname="backend.tests.test_iter154_fcm" name="test_logs_endpoint_paginates" time="0.090" /><testcase classname="backend.tests.test_iter154_fcm" name="test_register_requires_auth" time="0.042" /><testcase classname="backend.tests.test_iter154_fcm" name="test_send_requires_admin" time="0.044" /></testsuite></testsuites>