<?xml version="1.0" encoding="utf-8"?><testsuites name="pytest tests"><testsuite name="pytest" errors="0" failures="0" skipped="0" tests="30" time="9.635" timestamp="2026-04-27T17:18:49.970969+00:00" hostname="agent-env-d970c3c7-c0dc-4ecb-b74d-c9aec2b4fae3"><testcase classname="backend.tests.test_iter56_full_regression.TestAuth" name="test_owner_login" time="0.458" /><testcase classname="backend.tests.test_iter56_full_regression.TestAuth" name="test_super_login" time="0.395" /><testcase classname="backend.tests.test_iter56_full_regression.TestAuth" name="test_company_login" time="0.386" /><testcase classname="backend.tests.test_iter56_full_regression.TestAuth" name="test_security_login" time="0.368" /><testcase classname="backend.tests.test_iter56_full_regression.TestAuth" name="test_bad_login" time="0.376" /><testcase classname="backend.tests.test_iter56_full_regression.TestAuth" name="test_test_advertiser_missing" time="0.146" /><testcase classname="backend.tests.test_iter56_full_regression.TestAdsAndFiles" name="test_homepage_hero_ads_media_first" time="0.155" /><testcase classname="backend.tests.test_iter56_full_regression.TestAdsAndFiles" name="test_first_ad_has_image" time="0.165" /><testcase classname="backend.tests.test_iter56_full_regression.TestAdsAndFiles" name="test_ad_media_is_image_content_type" time="0.279" /><testcase classname="backend.tests.test_iter56_full_regression.TestAdsAndFiles" name="test_files_invalid_subdir_404" time="0.183" /><testcase classname="backend.tests.test_iter56_full_regression.TestAdsAndFiles" name="test_files_missing_file_404" time="0.134" /><testcase classname="backend.tests.test_iter56_full_regression.TestOwnerKpis" name="test_owner_kpis" time="0.550" /><testcase classname="backend.tests.test_iter56_full_regression.TestPdfs" name="test_pdfs_owner" time="0.818" /><testcase classname="backend.tests.test_iter56_full_regression.TestPdfs" name="test_pdf_unauthorized" time="0.139" /><testcase classname="backend.tests.test_iter56_full_regression.Test2FA" name="test_2fa_status" time="0.138" /><testcase classname="backend.tests.test_iter56_full_regression.TestSmtpHealth" name="test_stats" time="0.155" /><testcase classname="backend.tests.test_iter56_full_regression.TestSmtpHealth" name="test_alerts_list" time="0.138" /><testcase classname="backend.tests.test_iter56_full_regression.TestSmtpHealth" name="test_stats_non_owner_forbidden" time="0.554" /><testcase classname="backend.tests.test_iter56_full_regression.TestEmailTemplates" name="test_list" time="0.252" /><testcase classname="backend.tests.test_iter56_full_regression.TestEmailTemplates" name="test_preview" time="0.285" /><testcase classname="backend.tests.test_iter56_full_regression.TestAudit" name="test_list" time="0.184" /><testcase classname="backend.tests.test_iter56_full_regression.TestAudit" name="test_summary" time="0.150" /><testcase classname="backend.tests.test_iter56_full_regression.TestAudit" name="test_forbidden_non_owner" time="0.141" /><testcase classname="backend.tests.test_iter56_full_regression.TestRouteHealth" name="test_scan" time="1.910" /><testcase classname="backend.tests.test_iter56_full_regression.TestRouteHealth" name="test_last" time="0.171" /><testcase classname="backend.tests.test_iter56_full_regression.TestBranding" name="test_get_branding" time="0.285" /><testcase classname="backend.tests.test_iter56_full_regression.TestVisitorPass" name="test_public_endpoint_shape" time="0.145" /><testcase classname="backend.tests.test_iter56_full_regression.TestPlanLimits" name="test_company_admin_compound_limit" time="0.151" /><testcase classname="backend.tests.test_iter56_full_regression.TestCompoundInvites" name="test_list" time="0.137" /><testcase classname="backend.tests.test_iter56_full_regression.TestCompoundInvites" name="test_public_invalid_token" time="0.136" /></testsuite></testsuites>