<?xml version="1.0" encoding="utf-8"?><testsuites name="pytest tests"><testsuite name="pytest" errors="0" failures="0" skipped="1" tests="11" time="4.124" timestamp="2026-04-19T01:21:14.322212+00:00" hostname="agent-env-d970c3c7-c0dc-4ecb-b74d-c9aec2b4fae3"><testcase classname="backend.tests.test_iter30_bulk_renewal.TestSendGiftEmail" name="test_send_gift_returns_email_key" time="1.329" /><testcase classname="backend.tests.test_iter30_bulk_renewal.TestSendGiftEmail" name="test_send_gift_no_email_user" time="0.001"><skipped type="pytest.skip" message="all users have emails">/app/backend/tests/test_iter30_bulk_renewal.py:82: all users have emails</skipped></testcase><testcase classname="backend.tests.test_iter30_bulk_renewal.TestBulkRenewalPreview" name="test_preview_7" time="0.163" /><testcase classname="backend.tests.test_iter30_bulk_renewal.TestBulkRenewalPreview" name="test_preview_30" time="0.130" /><testcase classname="backend.tests.test_iter30_bulk_renewal.TestBulkRenewalSend" name="test_send_auto_fetch" time="0.134" /><testcase classname="backend.tests.test_iter30_bulk_renewal.TestBulkRenewalSend" name="test_send_explicit_user_ids_creates_renew_coupon" time="0.765" /><testcase classname="backend.tests.test_iter30_bulk_renewal.TestBulkRenewalAuthGuard" name="test_admin_forbidden" time="0.510" /><testcase classname="backend.tests.test_iter30_bulk_renewal.TestFullDetails" name="test_full_details_keys" time="0.536" /><testcase classname="backend.tests.test_iter30_bulk_renewal.TestRegression" name="test_hierarchical_subs" time="0.131" /><testcase classname="backend.tests.test_iter30_bulk_renewal.TestRegression" name="test_dashboard" time="0.190" /><testcase classname="backend.tests.test_iter30_bulk_renewal.TestRegression" name="test_users_list" time="0.142" /></testsuite></testsuites>