<?xml version="1.0" encoding="utf-8"?><testsuites name="pytest tests"><testsuite name="pytest" errors="0" failures="0" skipped="0" tests="17" time="7.291" timestamp="2026-04-19T01:42:26.124774+00:00" hostname="agent-env-d970c3c7-c0dc-4ecb-b74d-c9aec2b4fae3"><testcase classname="backend.tests.test_iter31_create_user.TestCreateUser" name="test_valid_creation" time="1.484" /><testcase classname="backend.tests.test_iter31_create_user.TestCreateUser" name="test_missing_required_field_username" time="0.200" /><testcase classname="backend.tests.test_iter31_create_user.TestCreateUser" name="test_missing_required_field_email" time="0.184" /><testcase classname="backend.tests.test_iter31_create_user.TestCreateUser" name="test_missing_required_field_full_name" time="0.176" /><testcase classname="backend.tests.test_iter31_create_user.TestCreateUser" name="test_short_password" time="0.161" /><testcase classname="backend.tests.test_iter31_create_user.TestCreateUser" name="test_duplicate_username" time="0.761" /><testcase classname="backend.tests.test_iter31_create_user.TestCreateUser" name="test_duplicate_email" time="0.770" /><testcase classname="backend.tests.test_iter31_create_user.TestCreateUser" name="test_invalid_compound_id" time="0.171" /><testcase classname="backend.tests.test_iter31_create_user.TestCreateUser" name="test_invalid_role" time="0.175" /><testcase classname="backend.tests.test_iter31_create_user.TestCreateUser" name="test_forbidden_for_regular_admin" time="0.637" /><testcase classname="backend.tests.test_iter31_create_user.TestCreateUser" name="test_valid_creation_appears_in_hierarchical" time="0.753" /><testcase classname="backend.tests.test_iter31_create_user.TestRegression" name="test_hierarchical_subs_200" time="0.161" /><testcase classname="backend.tests.test_iter31_create_user.TestRegression" name="test_bulk_preview_200" time="0.183" /><testcase classname="backend.tests.test_iter31_create_user.TestRegression" name="test_full_details_200" time="0.232" /><testcase classname="backend.tests.test_iter31_create_user.TestRegression" name="test_send_gift_still_works" time="0.558" /><testcase classname="backend.tests.test_iter31_create_user.TestRegression" name="test_update_user_db" time="0.179" /><testcase classname="backend.tests.test_iter31_create_user.TestRegression" name="test_delete_user_db_cleanup" time="0.174" /></testsuite></testsuites>