<?xml version="1.0" encoding="utf-8"?><testsuites name="pytest tests"><testsuite name="pytest" errors="0" failures="0" skipped="1" tests="30" time="12.557" timestamp="2026-05-03T02:42:52.024243+00:00" hostname="agent-env-d970c3c7-c0dc-4ecb-b74d-c9aec2b4fae3"><testcase classname="backend.tests.test_iter66_contracts_payment_methods.TestAuthBasics" name="test_login_owner" time="1.566" /><testcase classname="backend.tests.test_iter66_contracts_payment_methods.TestAuthBasics" name="test_auth_me_company" time="0.511" /><testcase classname="backend.tests.test_iter66_contracts_payment_methods.TestContractExpenseSync" name="test_balance_sheet_baseline" time="0.148" /><testcase classname="backend.tests.test_iter66_contracts_payment_methods.TestContractExpenseSync" name="test_create_contract_syncs_expense" time="1.280" /><testcase classname="backend.tests.test_iter66_contracts_payment_methods.TestContractExpenseSync" name="test_expense_reflected_in_balance_sheet" time="0.124" /><testcase classname="backend.tests.test_iter66_contracts_payment_methods.TestContractExpenseSync" name="test_update_contract_updates_balance_sheet" time="1.406" /><testcase classname="backend.tests.test_iter66_contracts_payment_methods.TestContractExpenseSync" name="test_zero_value_removes_expense" time="1.428" /><testcase classname="backend.tests.test_iter66_contracts_payment_methods.TestContractExpenseSync" name="test_delete_contract_removes_expense" time="2.101" /><testcase classname="backend.tests.test_iter66_contracts_payment_methods.TestContractExpenseSync" name="test_sync_expenses_endpoint" time="0.140" /><testcase classname="backend.tests.test_iter66_contracts_payment_methods.TestContractExpenseSync" name="test_sync_expenses_resident_forbidden" time="0.502" /><testcase classname="backend.tests.test_iter66_contracts_payment_methods.TestPaymentMethods" name="test_types_endpoint" time="0.129" /><testcase classname="backend.tests.test_iter66_contracts_payment_methods.TestPaymentMethods" name="test_create_methods_company_admin" time="0.445" /><testcase classname="backend.tests.test_iter66_contracts_payment_methods.TestPaymentMethods" name="test_create_invalid_type" time="0.149" /><testcase classname="backend.tests.test_iter66_contracts_payment_methods.TestPaymentMethods" name="test_resident_forbidden_create" time="0.119" /><testcase classname="backend.tests.test_iter66_contracts_payment_methods.TestPaymentMethods" name="test_list_company_admin" time="0.177" /><testcase classname="backend.tests.test_iter66_contracts_payment_methods.TestPaymentMethods" name="test_update_method" time="0.142" /><testcase classname="backend.tests.test_iter66_contracts_payment_methods.TestPaymentMethods" name="test_resident_list_only_active" time="0.126" /><testcase classname="backend.tests.test_iter66_contracts_payment_methods.TestPaymentMethods" name="test_public_endpoint_no_auth" time="0.129" /><testcase classname="backend.tests.test_iter66_contracts_payment_methods.TestPaymentMethods" name="test_cross_tenant_update_forbidden" time="0.000"><skipped type="pytest.skip" message="No second tenant credentials available; cross-tenant covered by scope filter logic">/app/backend/tests/test_iter66_contracts_payment_methods.py:327: No second tenant credentials available; cross-tenant covered by scope filter logic</skipped></testcase><testcase classname="backend.tests.test_iter66_contracts_payment_methods.TestPaymentMethods" name="test_delete_methods" time="0.467" /><testcase classname="backend.tests.test_iter66_contracts_payment_methods.TestPaymentMethods" name="test_resident_forbidden_delete_nonexistent" time="0.124" /><testcase classname="backend.tests.test_iter66_contracts_payment_methods.TestStripeWebhook" name="test_webhook_endpoint_exists_rejects_bad_sig" time="0.140" /><testcase classname="backend.tests.test_iter66_contracts_payment_methods.TestStripeWebhook" name="test_create_checkout_unauth" time="0.128" /><testcase classname="backend.tests.test_iter66_contracts_payment_methods.TestStripeWebhook" name="test_create_checkout_invalid_plan" time="0.129" /><testcase classname="backend.tests.test_iter66_contracts_payment_methods.TestRegression" name="test_balance_sheet" time="0.124" /><testcase classname="backend.tests.test_iter66_contracts_payment_methods.TestRegression" name="test_expenses" time="0.126" /><testcase classname="backend.tests.test_iter66_contracts_payment_methods.TestRegression" name="test_obligations" time="0.152" /><testcase classname="backend.tests.test_iter66_contracts_payment_methods.TestRegression" name="test_contracts_list" time="0.138" /><testcase classname="backend.tests.test_iter66_contracts_payment_methods.TestRegression" name="test_contracts_status_filter" time="0.129" /><testcase classname="backend.tests.test_iter66_contracts_payment_methods.TestRegression" name="test_company_aggregated_stats" time="0.131" /></testsuite></testsuites>