<?xml version="1.0" encoding="utf-8"?><testsuites name="pytest tests"><testsuite name="pytest" errors="0" failures="0" skipped="0" tests="8" time="3.533" timestamp="2026-06-14T10:54:34.381619+00:00" hostname="agent-env-d970c3c7-c0dc-4ecb-b74d-c9aec2b4fae3"><testcase classname="backend.tests.test_iter143.TestAuthenticatedTestimonials" name="test_my_returns_existing_or_null" time="2.028" /><testcase classname="backend.tests.test_iter143.TestAuthenticatedTestimonials" name="test_duplicate_submit_rejected" time="0.163" /><testcase classname="backend.tests.test_iter143.TestAuthenticatedTestimonials" name="test_short_comment_rejected" time="0.129" /><testcase classname="backend.tests.test_iter143.TestAuthenticatedTestimonials" name="test_unauthenticated_rejected" time="0.133" /><testcase classname="backend.tests.test_iter143.TestComprehensiveReport" name="test_owner_can_access" time="0.507" /><testcase classname="backend.tests.test_iter143.TestComprehensiveReport" name="test_resident_forbidden" time="0.127" /><testcase classname="backend.tests.test_iter143.TestComprehensiveReport" name="test_unauthenticated_forbidden" time="0.152" /><testcase classname="backend.tests.test_iter143.TestComprehensiveReport" name="test_custom_months" time="0.150" /></testsuite></testsuites>