<?xml version="1.0" encoding="utf-8"?><testsuites name="pytest tests"><testsuite name="pytest" errors="0" failures="0" skipped="0" tests="7" time="5.756" timestamp="2026-06-26T22:38:26.743372+00:00" hostname="agent-env-d970c3c7-c0dc-4ecb-b74d-c9aec2b4fae3"><testcase classname="backend.tests.test_iter156_testimonials_badge" name="test_owner_badges_includes_testimonials_pending" time="4.276" /><testcase classname="backend.tests.test_iter156_testimonials_badge" name="test_submit_testimonial_increments_badge" time="0.147" /><testcase classname="backend.tests.test_iter156_testimonials_badge" name="test_publish_testimonial_decrements_badge" time="0.189" /><testcase classname="backend.tests.test_iter156_testimonials_badge" name="test_published_endpoint_only_returns_published" time="0.184" /><testcase classname="backend.tests.test_iter156_testimonials_badge" name="test_non_owner_does_not_see_testimonials_pending" time="0.337" /><testcase classname="backend.tests.test_iter156_testimonials_badge" name="test_auto_ban_not_triggered_by_public_submit" time="0.251" /><testcase classname="backend.tests.test_iter156_testimonials_badge" name="test_zz_cleanup_test_testimonials" time="0.240" /></testsuite></testsuites>