<?xml version="1.0" encoding="utf-8"?><testsuites name="pytest tests"><testsuite name="pytest" errors="0" failures="0" skipped="0" tests="10" time="2.113" timestamp="2026-06-26T13:57:17.897607+00:00" hostname="agent-env-d970c3c7-c0dc-4ecb-b74d-c9aec2b4fae3"><testcase classname="backend.tests.test_iter152_audit_geoip" name="test_geoip_private_ips_return_none" time="0.175" /><testcase classname="backend.tests.test_iter152_audit_geoip" name="test_geoip_public_ips_return_data" time="0.012" /><testcase classname="backend.tests.test_iter152_audit_geoip" name="test_geoip_cache_round_trip" time="0.011" /><testcase classname="backend.tests.test_iter152_audit_geoip" name="test_company_lifecycle_audit_trail" time="0.945" /><testcase classname="backend.tests.test_iter152_audit_geoip" name="test_audit_summary_top_countries" time="0.148" /><testcase classname="backend.tests.test_iter152_audit_geoip" name="test_audit_logs_geo_enrichment" time="0.136" /><testcase classname="backend.tests.test_iter152_audit_geoip" name="test_audit_logs_country_filter" time="0.169" /><testcase classname="backend.tests.test_iter152_audit_geoip" name="test_backfill_geo_endpoint" time="0.141" /><testcase classname="backend.tests.test_iter152_audit_geoip" name="test_audit_logs_no_geo_param_still_works" time="0.159" /><testcase classname="backend.tests.test_iter152_audit_geoip" name="test_audit_logs_filters_combined" time="0.148" /></testsuite></testsuites>