<?xml version="1.0" encoding="utf-8"?><testsuites name="pytest tests"><testsuite name="pytest" errors="0" failures="0" skipped="1" tests="12" time="7.025" timestamp="2026-05-01T04:50:20.325814+00:00" hostname="agent-env-d970c3c7-c0dc-4ecb-b74d-c9aec2b4fae3"><testcase classname="backend.tests.test_iter58_company_admin_mini_owner" name="test_plan_usage_has_feature_flags" time="2.549" /><testcase classname="backend.tests.test_iter58_company_admin_mini_owner" name="test_aggregated_stats_shape" time="0.161" /><testcase classname="backend.tests.test_iter58_company_admin_mini_owner" name="test_bulk_create_compounds_success" time="0.213" /><testcase classname="backend.tests.test_iter58_company_admin_mini_owner" name="test_bulk_create_compounds_plan_limit" time="0.194"><skipped type="pytest.skip" message="company has unlimited plan (company_enterprise); plan-limit cannot be triggered without changing plan">/app/backend/tests/test_iter58_company_admin_mini_owner.py:102: company has unlimited plan (company_enterprise); plan-limit cannot be triggered without changing plan</skipped></testcase><testcase classname="backend.tests.test_iter58_company_admin_mini_owner" name="test_cleanup_bulk" time="0.401" /><testcase classname="backend.tests.test_iter58_company_admin_mini_owner" name="test_active_compound_id_legitimate" time="0.392" /><testcase classname="backend.tests.test_iter58_company_admin_mini_owner" name="test_active_compound_id_bogus_rejected" time="0.195" /><testcase classname="backend.tests.test_iter58_company_admin_mini_owner" name="test_superadmin_companies_lists_orphan_admins" time="0.752" /><testcase classname="backend.tests.test_iter58_company_admin_mini_owner" name="test_existing_logins[Owner_homeme-Dalia1234@]" time="0.478" /><testcase classname="backend.tests.test_iter58_company_admin_mini_owner" name="test_existing_logins[superadmin-SuperAdmin2024!]" time="0.548" /><testcase classname="backend.tests.test_iter58_company_admin_mini_owner" name="test_existing_logins[testcompany2-Company123!]" time="0.460" /><testcase classname="backend.tests.test_iter58_company_admin_mini_owner" name="test_complaint_creation_triggers_notification" time="0.541" /></testsuite></testsuites>