<?xml version="1.0" encoding="utf-8"?><testsuites name="pytest tests"><testsuite name="pytest" errors="0" failures="0" skipped="0" tests="9" time="14.305" timestamp="2026-04-24T22:15:40.651701+00:00" hostname="agent-env-d970c3c7-c0dc-4ecb-b74d-c9aec2b4fae3"><testcase classname="tests.test_iter41_plan_limits.TestAuthRegression" name="test_login[app_owner]" time="2.336" /><testcase classname="tests.test_iter41_plan_limits.TestAuthRegression" name="test_login[super_admin]" time="0.407" /><testcase classname="tests.test_iter41_plan_limits.TestAuthRegression" name="test_login[company_admin]" time="0.369" /><testcase classname="tests.test_iter41_plan_limits.TestPlanUsageEndpoint" name="test_shape_enterprise" time="1.349" /><testcase classname="tests.test_iter41_plan_limits.TestPlanUsageEndpoint" name="test_shape_starter" time="0.149" /><testcase classname="tests.test_iter41_plan_limits.TestPlanUsageEndpoint" name="test_unauthorized" time="0.136" /><testcase classname="tests.test_iter41_plan_limits.TestCompoundCreationLimit" name="test_403_when_at_limit" time="0.147" /><testcase classname="tests.test_iter41_plan_limits.TestCompoundCreationLimit" name="test_200_when_enterprise" time="0.303" /><testcase classname="tests.test_iter41_plan_limits.TestResidentLimit" name="test_403_plan_limit_residents" time="8.845" /></testsuite></testsuites>