<?xml version="1.0" encoding="utf-8"?><testsuites name="pytest tests"><testsuite name="pytest" errors="0" failures="0" skipped="0" tests="5" time="5.028" timestamp="2026-04-22T23:29:05.310295+00:00" hostname="agent-env-d970c3c7-c0dc-4ecb-b74d-c9aec2b4fae3"><testcase classname="backend.tests.test_iter39_sidebar_support_tickets.TestSidebarAlertsSupportTickets" name="test_owner_gets_counts" time="3.903" /><testcase classname="backend.tests.test_iter39_sidebar_support_tickets.TestSidebarAlertsSupportTickets" name="test_super_admin_gets_counts" time="0.561" /><testcase classname="backend.tests.test_iter39_sidebar_support_tickets.TestSidebarAlertsSupportTickets" name="test_unauth_rejected" time="0.147" /><testcase classname="backend.tests.test_iter39_sidebar_support_tickets.TestProfileAndPrivacySave" name="test_profile_update" time="0.145" /><testcase classname="backend.tests.test_iter39_sidebar_support_tickets.TestProfileAndPrivacySave" name="test_privacy_update" time="0.163" /></testsuite></testsuites>