<?xml version="1.0" encoding="utf-8"?><testsuites name="pytest tests"><testsuite name="pytest" errors="0" failures="0" skipped="0" tests="13" time="6.101" timestamp="2026-04-18T16:03:03.700098+00:00" hostname="agent-env-d970c3c7-c0dc-4ecb-b74d-c9aec2b4fae3"><testcase classname="backend.tests.test_iter27_security.TestSecurityAnalytics" name="test_analytics_default_7_days" time="3.475" /><testcase classname="backend.tests.test_iter27_security.TestSecurityAnalytics" name="test_analytics_clamps_days" time="0.174" /><testcase classname="backend.tests.test_iter27_security.TestSecurityAnalytics" name="test_analytics_requires_auth" time="0.144" /><testcase classname="backend.tests.test_iter27_security.TestIncidents" name="test_create_incident_low_valid" time="0.161" /><testcase classname="backend.tests.test_iter27_security.TestIncidents" name="test_create_incident_invalid_severity" time="0.130" /><testcase classname="backend.tests.test_iter27_security.TestIncidents" name="test_list_incidents" time="0.142" /><testcase classname="backend.tests.test_iter27_security.TestIncidents" name="test_patch_incident_in_progress" time="0.264" /><testcase classname="backend.tests.test_iter27_security.TestIncidents" name="test_patch_incident_resolved_sets_resolved_at" time="0.275" /><testcase classname="backend.tests.test_iter27_security.TestIncidents" name="test_patch_invalid_status" time="0.126" /><testcase classname="backend.tests.test_iter27_security.TestIncidents" name="test_delete_incident_requires_admin" time="0.137" /><testcase classname="backend.tests.test_iter27_security.TestIncidents" name="test_delete_incident_as_admin" time="0.675" /><testcase classname="backend.tests.test_iter27_security.TestIncidents" name="test_delete_nonexistent_returns_404" time="0.138" /><testcase classname="backend.tests.test_iter27_security.TestVisitorLogs" name="test_visitor_logs_endpoint" time="0.132" /></testsuite></testsuites>