<?xml version="1.0" encoding="utf-8"?><testsuites name="pytest tests"><testsuite name="pytest" errors="0" failures="0" skipped="0" tests="14" time="7.829" timestamp="2026-05-01T06:12:15.634037+00:00" hostname="agent-env-d970c3c7-c0dc-4ecb-b74d-c9aec2b4fae3"><testcase classname="backend.tests.test_iter59_disaster_recovery" name="test_dr_preview_owner" time="2.772" /><testcase classname="backend.tests.test_iter59_disaster_recovery" name="test_dr_preview_company_admin_403" time="0.517" /><testcase classname="backend.tests.test_iter59_disaster_recovery" name="test_dr_snapshot_zip_layout_and_checksums" time="1.034" /><testcase classname="backend.tests.test_iter59_disaster_recovery" name="test_dr_snapshot_company_admin_403" time="0.132" /><testcase classname="backend.tests.test_iter59_disaster_recovery" name="test_dr_restore_missing_confirm_422" time="0.239" /><testcase classname="backend.tests.test_iter59_disaster_recovery" name="test_dr_restore_wrong_confirm_400" time="0.180" /><testcase classname="backend.tests.test_iter59_disaster_recovery" name="test_dr_restore_company_admin_403" time="0.394" /><testcase classname="backend.tests.test_iter59_disaster_recovery" name="test_dr_restore_happy_path_idempotent" time="0.933" /><testcase classname="backend.tests.test_iter59_disaster_recovery" name="test_dr_history" time="0.128" /><testcase classname="backend.tests.test_iter59_disaster_recovery" name="test_dr_history_company_admin_403" time="0.132" /><testcase classname="backend.tests.test_iter59_disaster_recovery" name="test_export_excel_blocked_for_free_plan" time="0.499" /><testcase classname="backend.tests.test_iter59_disaster_recovery" name="test_export_excel_allowed_for_enterprise" time="0.302" /><testcase classname="backend.tests.test_iter59_disaster_recovery" name="test_compound_summary_blocked_for_free_plan" time="0.134" /><testcase classname="backend.tests.test_iter59_disaster_recovery" name="test_compound_summary_allowed_for_enterprise" time="0.289" /></testsuite></testsuites>