<?xml version="1.0" encoding="utf-8"?><testsuites name="pytest tests"><testsuite name="pytest" errors="0" failures="0" skipped="0" tests="13" time="8.510" timestamp="2026-04-16T23:43:32.772894+00:00" hostname="agent-env-d970c3c7-c0dc-4ecb-b74d-c9aec2b4fae3"><testcase classname="tests.test_new_features_iteration22.TestPDFExport" name="test_pdf_export_returns_200" time="1.550" /><testcase classname="tests.test_new_features_iteration22.TestPDFExport" name="test_pdf_export_returns_pdf_content_type" time="0.580" /><testcase classname="tests.test_new_features_iteration22.TestPDFExport" name="test_pdf_export_returns_valid_pdf" time="0.606" /><testcase classname="tests.test_new_features_iteration22.TestPDFExport" name="test_pdf_export_has_content_disposition" time="0.534" /><testcase classname="tests.test_new_features_iteration22.TestPDFExport" name="test_pdf_export_requires_auth" time="0.491" /><testcase classname="tests.test_new_features_iteration22.TestExistingExportFeatures" name="test_excel_export_works" time="0.781" /><testcase classname="tests.test_new_features_iteration22.TestExistingExportFeatures" name="test_csv_export_works" time="0.508" /><testcase classname="tests.test_new_features_iteration22.TestCompareTab" name="test_compare_default_returns_data" time="0.535" /><testcase classname="tests.test_new_features_iteration22.TestCompareTab" name="test_compare_custom_dates" time="0.504" /><testcase classname="tests.test_new_features_iteration22.TestRealtimeAnalytics" name="test_realtime_returns_data" time="0.495" /><testcase classname="tests.test_new_features_iteration22.TestFinancialAnalytics" name="test_financial_returns_data" time="0.490" /><testcase classname="tests.test_new_features_iteration22.TestWeeklyReport" name="test_send_weekly_report_endpoint_exists" time="0.800" /><testcase classname="tests.test_new_features_iteration22.TestResidentDashboardAPI" name="test_resident_dashboard_endpoint_exists" time="0.516" /></testsuite></testsuites>