<?xml version="1.0" encoding="utf-8"?><testsuites name="pytest tests"><testsuite name="pytest" errors="0" failures="0" skipped="0" tests="8" time="5.299" timestamp="2026-05-01T12:47:03.575326+00:00" hostname="agent-env-d970c3c7-c0dc-4ecb-b74d-c9aec2b4fae3"><testcase classname="backend.tests.test_iter62_crm_summary.TestCrmSummaryAuth" name="test_resident_forbidden" time="2.848" /><testcase classname="backend.tests.test_iter62_crm_summary.TestCrmSummaryAuth" name="test_no_auth" time="0.141" /><testcase classname="backend.tests.test_iter62_crm_summary.TestCrmSummaryAuth" name="test_super_admin_without_company_id" time="0.564" /><testcase classname="backend.tests.test_iter62_crm_summary.TestCrmSummaryAsCompanyAdmin" name="test_summary_shape" time="0.529" /><testcase classname="backend.tests.test_iter62_crm_summary.TestCrmSummaryAsCompanyAdmin" name="test_seed_counts_vip_and_late" time="0.136" /><testcase classname="backend.tests.test_iter62_crm_summary.TestCrmSummaryAsCompanyAdmin" name="test_user_rows_have_expected_fields" time="0.174" /><testcase classname="backend.tests.test_iter62_crm_summary.TestCrmSummaryAsSuperAdmin" name="test_with_company_id_override" time="0.146" /><testcase classname="backend.tests.test_iter62_crm_summary.TestNotesTotal" name="test_create_note_increments" time="0.646" /></testsuite></testsuites>