<?xml version="1.0" encoding="utf-8"?><testsuites name="pytest tests"><testsuite name="pytest" errors="0" failures="1" skipped="0" tests="17" time="7.491" timestamp="2026-04-26T22:09:18.991846+00:00" hostname="agent-env-d970c3c7-c0dc-4ecb-b74d-c9aec2b4fae3"><testcase classname="backend.tests.test_iter52_branding_smtp_scheduler.TestBranding" name="test_get_branding_owner_ok" time="0.765" /><testcase classname="backend.tests.test_iter52_branding_smtp_scheduler.TestBranding" name="test_get_branding_unrelated_403" time="0.514" /><testcase classname="backend.tests.test_iter52_branding_smtp_scheduler.TestBranding" name="test_put_branding_invalid_color_400" time="0.134" /><testcase classname="backend.tests.test_iter52_branding_smtp_scheduler.TestBranding" name="test_put_branding_not_hex_400" time="0.130" /><testcase classname="backend.tests.test_iter52_branding_smtp_scheduler.TestBranding" name="test_put_branding_persists" time="0.278" /><testcase classname="backend.tests.test_iter52_branding_smtp_scheduler.TestBranding" name="test_pdf_summary_reflects_branding" time="0.684" /><testcase classname="backend.tests.test_iter52_branding_smtp_scheduler.TestSchedulerAnalytics" name="test_status_extended" time="0.154" /><testcase classname="backend.tests.test_iter52_branding_smtp_scheduler.TestSmtpHealth" name="test_stats_owner_ok" time="0.131" /><testcase classname="backend.tests.test_iter52_branding_smtp_scheduler.TestSmtpHealth" name="test_stats_non_admin_403" time="0.168" /><testcase classname="backend.tests.test_iter52_branding_smtp_scheduler.TestSmtpHealth" name="test_test_send_owner_ok" time="2.793" /><testcase classname="backend.tests.test_iter52_branding_smtp_scheduler.TestSmtpHealth" name="test_test_send_non_owner_403" time="0.131" /><testcase classname="backend.tests.test_iter52_branding_smtp_scheduler.TestSmtpHealth" name="test_alert_logic_low_total" time="0.148" /><testcase classname="backend.tests.test_iter52_branding_smtp_scheduler.TestRegression" name="test_2fa_status" time="0.157" /><testcase classname="backend.tests.test_iter52_branding_smtp_scheduler.TestRegression" name="test_compounds_list" time="0.128" /><testcase classname="backend.tests.test_iter52_branding_smtp_scheduler.TestRegression" name="test_audit_logs" time="0.149" /><testcase classname="backend.tests.test_iter52_branding_smtp_scheduler.TestRegression" name="test_occupancy_pdf" time="0.124"><failure message="assert 422 == 200&#10; +  where 422 = &lt;Response [422]&gt;.status_code">backend/tests/test_iter52_branding_smtp_scheduler.py:238: in test_occupancy_pdf
    assert r.status_code == 200
E   assert 422 == 200
E    +  where 422 = &lt;Response [422]&gt;.status_code</failure></testcase><testcase classname="backend.tests.test_iter52_branding_smtp_scheduler.TestRegression" name="test_invoices_pdf" time="0.660" /></testsuite></testsuites>