<?xml version="1.0" encoding="utf-8"?><testsuites name="pytest tests"><testsuite name="pytest" errors="0" failures="0" skipped="0" tests="8" time="6.303" timestamp="2026-04-25T19:17:57.584738+00:00" hostname="agent-env-d970c3c7-c0dc-4ecb-b74d-c9aec2b4fae3"><testcase classname="backend.tests.test_iter48_invite_stats" name="test_invite_stats_no_auth" time="3.334" /><testcase classname="backend.tests.test_iter48_invite_stats" name="test_invite_stats_owner_scope_all" time="0.511" /><testcase classname="backend.tests.test_iter48_invite_stats" name="test_invite_stats_super_scope_all" time="0.546" /><testcase classname="backend.tests.test_iter48_invite_stats" name="test_invite_stats_compound_admin_scope" time="0.495" /><testcase classname="backend.tests.test_iter48_invite_stats" name="test_compound_invites_no_auth" time="0.145" /><testcase classname="backend.tests.test_iter48_invite_stats" name="test_compound_invite_create_and_list" time="0.438" /><testcase classname="backend.tests.test_iter48_invite_stats" name="test_family_invites_no_auth" time="0.152" /><testcase classname="backend.tests.test_iter48_invite_stats" name="test_family_invite_create_and_list" time="0.571" /></testsuite></testsuites>