<?xml version="1.0" encoding="utf-8"?><testsuites name="pytest tests"><testsuite name="pytest" errors="0" failures="0" skipped="0" tests="18" time="3.581" timestamp="2026-04-19T01:55:40.185268+00:00" hostname="agent-env-d970c3c7-c0dc-4ecb-b74d-c9aec2b4fae3"><testcase classname="backend.tests.test_iter32_company_crud_campaigns.TestCompanyCRUD" name="test_update_company_success" time="0.662" /><testcase classname="backend.tests.test_iter32_company_crud_campaigns.TestCompanyCRUD" name="test_update_company_not_found" time="0.129" /><testcase classname="backend.tests.test_iter32_company_crud_campaigns.TestCompanyCRUD" name="test_update_company_forbidden_for_admin" time="0.489" /><testcase classname="backend.tests.test_iter32_company_crud_campaigns.TestCompanyCRUD" name="test_add_compound_success" time="0.126" /><testcase classname="backend.tests.test_iter32_company_crud_campaigns.TestCompanyCRUD" name="test_add_compound_missing_name" time="0.137" /><testcase classname="backend.tests.test_iter32_company_crud_campaigns.TestCompanyCRUD" name="test_add_compound_company_not_found" time="0.170" /><testcase classname="backend.tests.test_iter32_company_crud_campaigns.TestCompanyCRUD" name="test_add_compound_forbidden_admin" time="0.121" /><testcase classname="backend.tests.test_iter32_company_crud_campaigns.TestExpiringSoonCount" name="test_default_7_days" time="0.161" /><testcase classname="backend.tests.test_iter32_company_crud_campaigns.TestExpiringSoonCount" name="test_30_days" time="0.126" /><testcase classname="backend.tests.test_iter32_company_crud_campaigns.TestExpiringSoonCount" name="test_forbidden_admin" time="0.139" /><testcase classname="backend.tests.test_iter32_company_crud_campaigns.TestBulkCampaigns" name="test_list_success" time="0.132" /><testcase classname="backend.tests.test_iter32_company_crud_campaigns.TestBulkCampaigns" name="test_forbidden_admin" time="0.138" /><testcase classname="backend.tests.test_iter32_company_crud_campaigns.TestAutoRenewalConfig" name="test_get_config_creates_defaults" time="0.124" /><testcase classname="backend.tests.test_iter32_company_crud_campaigns.TestAutoRenewalConfig" name="test_update_config" time="0.298" /><testcase classname="backend.tests.test_iter32_company_crud_campaigns.TestAutoRenewalConfig" name="test_disable_again_cleanup" time="0.141" /><testcase classname="backend.tests.test_iter32_company_crud_campaigns.TestAutoRenewalConfig" name="test_forbidden_admin_get" time="0.126" /><testcase classname="backend.tests.test_iter32_company_crud_campaigns.TestAutoRenewalConfig" name="test_forbidden_admin_put" time="0.126" /><testcase classname="backend.tests.test_iter32_company_crud_campaigns.TestCleanupTestUsers" name="test_testnew_users_purged" time="0.133" /></testsuite></testsuites>