<?xml version="1.0" encoding="utf-8"?><testsuites name="pytest tests"><testsuite name="pytest" errors="0" failures="0" skipped="0" tests="23" time="6.912" timestamp="2026-04-28T19:12:38.561697+00:00" hostname="agent-env-d970c3c7-c0dc-4ecb-b74d-c9aec2b4fae3"><testcase classname="backend.tests.test_iter57_media_backup_branding.TestMediaHealth" name="test_overview_owner" time="1.611" /><testcase classname="backend.tests.test_iter57_media_backup_branding.TestMediaHealth" name="test_overview_super_admin" time="0.567" /><testcase classname="backend.tests.test_iter57_media_backup_branding.TestMediaHealth" name="test_overview_advertiser_forbidden" time="0.575" /><testcase classname="backend.tests.test_iter57_media_backup_branding.TestMediaHealth" name="test_overview_no_auth" time="0.142" /><testcase classname="backend.tests.test_iter57_media_backup_branding.TestMediaHealth" name="test_orphans_owner" time="0.179" /><testcase classname="backend.tests.test_iter57_media_backup_branding.TestMediaHealth" name="test_broken_owner" time="0.159" /><testcase classname="backend.tests.test_iter57_media_backup_branding.TestMediaHealth" name="test_backups_owner" time="0.155" /><testcase classname="backend.tests.test_iter57_media_backup_branding.TestMediaHealth" name="test_backup_now_owner" time="0.130" /><testcase classname="backend.tests.test_iter57_media_backup_branding.TestMediaHealth" name="test_backup_now_advertiser_forbidden" time="0.145" /><testcase classname="backend.tests.test_iter57_media_backup_branding.TestMediaHealth" name="test_repair_broken_owner" time="0.154" /><testcase classname="backend.tests.test_iter57_media_backup_branding.TestAppBranding" name="test_get_branding_public_no_auth" time="0.172" /><testcase classname="backend.tests.test_iter57_media_backup_branding.TestAppBranding" name="test_put_branding_owner" time="0.151" /><testcase classname="backend.tests.test_iter57_media_backup_branding.TestAppBranding" name="test_put_branding_invalid_hex_400" time="0.156" /><testcase classname="backend.tests.test_iter57_media_backup_branding.TestAppBranding" name="test_put_branding_advertiser_forbidden" time="0.145" /><testcase classname="backend.tests.test_iter57_media_backup_branding.TestAppBranding" name="test_upload_logo_owner" time="0.152" /><testcase classname="backend.tests.test_iter57_media_backup_branding.TestAppBranding" name="test_serve_uploaded_logo" time="0.146" /><testcase classname="backend.tests.test_iter57_media_backup_branding.TestAppBranding" name="test_upload_logo_wrong_type_400" time="0.140" /><testcase classname="backend.tests.test_iter57_media_backup_branding.TestAppBranding" name="test_upload_logo_oversize_413" time="0.543" /><testcase classname="backend.tests.test_iter57_media_backup_branding.TestAppBranding" name="test_upload_logo_advertiser_forbidden" time="0.176" /><testcase classname="backend.tests.test_iter57_media_backup_branding.TestSelfHeal" name="test_self_heal_via_files_route" time="0.716" /><testcase classname="backend.tests.test_iter57_media_backup_branding.TestIter56Regression" name="test_homeme_subdir_invalid_filename_404" time="0.136" /><testcase classname="backend.tests.test_iter57_media_backup_branding.TestIter56Regression" name="test_invalid_subdir_404" time="0.148" /><testcase classname="backend.tests.test_iter57_media_backup_branding.TestIter56Regression" name="test_ads_public_homepage_hero" time="0.144" /></testsuite></testsuites>