<?xml version="1.0" encoding="utf-8"?><testsuites name="pytest tests"><testsuite name="pytest" errors="0" failures="0" skipped="0" tests="20" time="12.001" timestamp="2026-04-16T23:58:05.920841+00:00" hostname="agent-env-d970c3c7-c0dc-4ecb-b74d-c9aec2b4fae3"><testcase classname="backend.tests.test_iteration23_features.TestPDFExportWithArabic" name="test_pdf_export_returns_200" time="1.195" /><testcase classname="backend.tests.test_iteration23_features.TestPDFExportWithArabic" name="test_pdf_export_content_type" time="0.629" /><testcase classname="backend.tests.test_iteration23_features.TestPDFExportWithArabic" name="test_pdf_export_valid_pdf_content" time="0.631" /><testcase classname="backend.tests.test_iteration23_features.TestPDFExportWithArabic" name="test_pdf_export_has_attachment_header" time="0.627" /><testcase classname="backend.tests.test_iteration23_features.TestPDFExportWithArabic" name="test_pdf_export_requires_auth" time="0.506" /><testcase classname="backend.tests.test_iteration23_features.TestPDFExportWithArabic" name="test_pdf_export_requires_super_admin" time="1.025" /><testcase classname="backend.tests.test_iteration23_features.TestRatingsStatsEndpoint" name="test_ratings_stats_returns_200" time="0.483" /><testcase classname="backend.tests.test_iteration23_features.TestRatingsStatsEndpoint" name="test_ratings_stats_response_structure" time="0.523" /><testcase classname="backend.tests.test_iteration23_features.TestRatingsStatsEndpoint" name="test_ratings_stats_requires_auth" time="0.504" /><testcase classname="backend.tests.test_iteration23_features.TestPostRatingsEndpoint" name="test_post_rating_invalid_rating_zero" time="0.474" /><testcase classname="backend.tests.test_iteration23_features.TestPostRatingsEndpoint" name="test_post_rating_invalid_rating_six" time="0.492" /><testcase classname="backend.tests.test_iteration23_features.TestPostRatingsEndpoint" name="test_post_rating_invalid_target_type" time="0.482" /><testcase classname="backend.tests.test_iteration23_features.TestPostRatingsEndpoint" name="test_post_rating_nonexistent_maintenance" time="0.510" /><testcase classname="backend.tests.test_iteration23_features.TestPostRatingsEndpoint" name="test_post_rating_nonexistent_service" time="0.488" /><testcase classname="backend.tests.test_iteration23_features.TestPostRatingsEndpoint" name="test_post_rating_requires_auth" time="0.500" /><testcase classname="backend.tests.test_iteration23_features.TestExistingAdAnalyticsFeatures" name="test_excel_export_works" time="0.733" /><testcase classname="backend.tests.test_iteration23_features.TestExistingAdAnalyticsFeatures" name="test_csv_export_works" time="0.543" /><testcase classname="backend.tests.test_iteration23_features.TestExistingAdAnalyticsFeatures" name="test_compare_endpoint_works" time="0.500" /><testcase classname="backend.tests.test_iteration23_features.TestExistingAdAnalyticsFeatures" name="test_realtime_endpoint_works" time="0.515" /><testcase classname="backend.tests.test_iteration23_features.TestExistingAdAnalyticsFeatures" name="test_financial_endpoint_works" time="0.507" /></testsuite></testsuites>