<?xml version="1.0" encoding="utf-8"?><testsuites name="pytest tests"><testsuite name="pytest" errors="0" failures="0" skipped="1" tests="4" time="1.639" timestamp="2026-04-18T15:09:10.589083+00:00" hostname="agent-env-d970c3c7-c0dc-4ecb-b74d-c9aec2b4fae3"><testcase classname="tests.test_delete_user_iter26" name="test_super_admin_users_list_loads" time="0.633" /><testcase classname="tests.test_delete_user_iter26" name="test_delete_self_forbidden" time="0.288" /><testcase classname="tests.test_delete_user_iter26" name="test_delete_nonexistent_user_404" time="0.144" /><testcase classname="tests.test_delete_user_iter26" name="test_create_and_delete_resident_flow" time="0.487"><skipped type="pytest.skip" message="Cannot create test user as owner: 422 {&quot;detail&quot;:[{&quot;type&quot;:&quot;missing&quot;,&quot;loc&quot;:[&quot;body&quot;,&quot;compound_id&quot;],&quot;msg&quot;:&quot;Field required&quot;,&quot;input&quot;:{&quot;username&quot;:&quot;TEST_del_a8e9755b&quot;,&quot;email&quot;:&quot;TEST_del_e092a19e@example.com&quot;,&quot;password&quot;:&quot;TestPass123!&quot;,&quot;full_name&quot;:&quot;TEST Delete Me&quot;,&quot;phone&quot;:&quot;01000000000&quot;,&quot;unit_number&quot;:&quot;T1&quot;,&quot;role&quot;:&quot;resident&quot;},&quot;url&quot;:&quot;https://errors.pydantic.dev/2.11/v/missing&quot;}]}">/app/backend/tests/test_delete_user_iter26.py:73: Cannot create test user as owner: 422 {"detail":[{"type":"missing","loc":["body","compound_id"],"msg":"Field required","input":{"username":"TEST_del_a8e9755b","email":"TEST_del_e092a19e@example.com","password":"TestPass123!","full_name":"TEST Delete Me","phone":"01000000000","unit_number":"T1","role":"resident"},"url":"https://errors.pydantic.dev/2.11/v/missing"}]}</skipped></testcase></testsuite></testsuites>