<?xml version="1.0" encoding="utf-8"?><testsuites name="pytest tests"><testsuite name="pytest" errors="0" failures="0" skipped="0" tests="6" time="6.213" timestamp="2026-04-18T16:42:02.907716+00:00" hostname="agent-env-d970c3c7-c0dc-4ecb-b74d-c9aec2b4fae3"><testcase classname="backend.tests.test_iter28_push_incidents.TestPushResultPresence" name="test_critical_includes_push_result" time="4.613" /><testcase classname="backend.tests.test_iter28_push_incidents.TestPushResultPresence" name="test_high_includes_push_result" time="0.324" /><testcase classname="backend.tests.test_iter28_push_incidents.TestPushResultPresence" name="test_low_absent_push_result" time="0.286" /><testcase classname="backend.tests.test_iter28_push_incidents.TestPushResultPresence" name="test_medium_absent_push_result" time="0.273" /><testcase classname="backend.tests.test_iter28_push_incidents.TestCompoundIsolation" name="test_compound_scoped_admin_targeting" time="0.427" /><testcase classname="backend.tests.test_iter28_push_incidents.TestIncidentListRegression" name="test_list_incidents_still_works" time="0.181" /></testsuite></testsuites>