<?xml version="1.0" encoding="utf-8"?><testsuites name="pytest tests"><testsuite name="pytest" errors="0" failures="0" skipped="1" tests="20" time="10.511" timestamp="2026-06-03T12:41:19.179014+00:00" hostname="agent-env-d970c3c7-c0dc-4ecb-b74d-c9aec2b4fae3"><testcase classname="backend.tests.test_iter67_user_creation_and_verification.TestLegacyLogins" name="test_app_owner_login" time="3.952" /><testcase classname="backend.tests.test_iter67_user_creation_and_verification.TestLegacyLogins" name="test_super_admin_login" time="0.287" /><testcase classname="backend.tests.test_iter67_user_creation_and_verification.TestLegacyLogins" name="test_company_admin_login" time="0.287" /><testcase classname="backend.tests.test_iter67_user_creation_and_verification.TestSelfRegisterAndVerification" name="test_register_sets_email_verified_false" time="0.305" /><testcase classname="backend.tests.test_iter67_user_creation_and_verification.TestSelfRegisterAndVerification" name="test_login_blocked_with_403_email_not_verified" time="0.375" /><testcase classname="backend.tests.test_iter67_user_creation_and_verification.TestSelfRegisterAndVerification" name="test_resend_verification_returns_generic_ok" time="0.299" /><testcase classname="backend.tests.test_iter67_user_creation_and_verification.TestSelfRegisterAndVerification" name="test_resend_verification_unknown_email_same_response" time="0.051" /><testcase classname="backend.tests.test_iter67_user_creation_and_verification.TestSelfRegisterAndVerification" name="test_register_no_compound_resident_500_bug" time="0.288"><skipped type="pytest.xfail" message="Known 500 bug in register when compound_id missing: Internal Server Error" /></testcase><testcase classname="backend.tests.test_iter67_user_creation_and_verification.TestSelfRegisterAndVerification" name="test_verify_email_token_unlocks_login" time="0.349" /><testcase classname="backend.tests.test_iter67_user_creation_and_verification.TestSelfRegisterAndVerification" name="test_verify_email_invalid_token_404" time="0.055" /><testcase classname="backend.tests.test_iter67_user_creation_and_verification.TestAdminCreatedUsers" name="test_admin_creates_resident_and_can_login" time="1.236" /><testcase classname="backend.tests.test_iter67_user_creation_and_verification.TestAdminCreatedUsers" name="test_admin_creates_admin_role_and_can_login" time="0.941" /><testcase classname="backend.tests.test_iter67_user_creation_and_verification.TestAdminCreatedUsers" name="test_cleanup" time="0.002" /><testcase classname="backend.tests.test_iter67_user_creation_and_verification.TestEmailLogsDashboard" name="test_list_email_logs_super_admin" time="0.462" /><testcase classname="backend.tests.test_iter67_user_creation_and_verification.TestEmailLogsDashboard" name="test_email_logs_filter_failed" time="0.147" /><testcase classname="backend.tests.test_iter67_user_creation_and_verification.TestEmailLogsDashboard" name="test_email_logs_stats" time="0.134" /><testcase classname="backend.tests.test_iter67_user_creation_and_verification.TestEmailLogsDashboard" name="test_email_logs_app_owner_allowed" time="0.423" /><testcase classname="backend.tests.test_iter67_user_creation_and_verification.TestEmailLogsDashboard" name="test_email_logs_company_admin_forbidden" time="0.418" /><testcase classname="backend.tests.test_iter67_user_creation_and_verification.TestLegacyMigration" name="test_all_legacy_users_email_verified" time="0.001" /><testcase classname="backend.tests.test_iter67_user_creation_and_verification.TestLegacyMigration" name="test_known_accounts_verified" time="0.002" /></testsuite></testsuites>