<?xml version="1.0" encoding="utf-8"?><testsuites name="pytest tests"><testsuite name="pytest" errors="0" failures="1" skipped="0" tests="8" time="11.561" timestamp="2026-06-26T13:15:26.930985+00:00" hostname="agent-env-d970c3c7-c0dc-4ecb-b74d-c9aec2b4fae3"><testcase classname="backend.tests.test_iter151_perf_optimizations" name="test_export_full_structure_shape" time="2.554" /><testcase classname="backend.tests.test_iter151_perf_optimizations" name="test_companies_listing_shape" time="0.163" /><testcase classname="backend.tests.test_iter151_perf_optimizations" name="test_top10_companies_shape" time="0.134" /><testcase classname="backend.tests.test_iter151_perf_optimizations" name="test_analytics_dashboard_shape" time="0.169" /><testcase classname="backend.tests.test_iter151_perf_optimizations" name="test_analytics_export_csv" time="0.164" /><testcase classname="backend.tests.test_iter151_perf_optimizations" name="test_ads_pdf_export_threadpool" time="0.320" /><testcase classname="backend.tests.test_iter151_perf_optimizations" name="test_bulk_import_template_threadpool" time="0.141" /><testcase classname="backend.tests.test_iter151_perf_optimizations" name="test_export_runs_concurrently" time="7.813"><failure message="AssertionError: Parallel 6.02s &gt;= 3x baseline 5.26s — event loop likely blocked or no real concurrency gain&#10;assert 6.017002105712891 &lt; (1.7541415691375732 * 3.0)">backend/tests/test_iter151_perf_optimizations.py:180: in test_export_runs_concurrently
    assert parallel_total &lt; single * 3.0, (
E   AssertionError: Parallel 6.02s &gt;= 3x baseline 5.26s — event loop likely blocked or no real concurrency gain
E   assert 6.017002105712891 &lt; (1.7541415691375732 * 3.0)</failure></testcase></testsuite></testsuites>