<?xml version="1.0" encoding="utf-8"?><testsuites name="pytest tests"><testsuite name="pytest" errors="0" failures="0" skipped="0" tests="3" time="3.551" timestamp="2026-06-14T11:25:36.869570+00:00" hostname="agent-env-d970c3c7-c0dc-4ecb-b74d-c9aec2b4fae3"><testcase classname="tests.test_iter144.TestExecutivePDF" name="test_executive_pdf_renders_and_logs" time="2.361" /><testcase classname="tests.test_iter144.TestLoginRateLimiting" name="test_5_attempts_allowed_then_blocked" time="0.848" /><testcase classname="tests.test_iter144.TestLoginRateLimiting" name="test_login_attempts_logged" time="0.126" /></testsuite></testsuites>