<?xml version="1.0" encoding="utf-8"?><testsuites name="pytest tests"><testsuite name="pytest" errors="0" failures="0" skipped="0" tests="13" time="4.608" timestamp="2026-04-18T00:30:50.165787+00:00" hostname="agent-env-d970c3c7-c0dc-4ecb-b74d-c9aec2b4fae3"><testcase classname="backend.tests.test_iteration25_ad_positions.TestAdsAPISlotStats" name="test_ads_endpoint_returns_12_positions" time="1.915" /><testcase classname="backend.tests.test_iteration25_ad_positions.TestAdsAPISlotStats" name="test_slot_stats_max_slots_values" time="0.197" /><testcase classname="backend.tests.test_iteration25_ad_positions.TestAdsAPISlotStats" name="test_total_slots_equals_30" time="0.152" /><testcase classname="backend.tests.test_iteration25_ad_positions.TestAdsAPISlotStats" name="test_available_slots_calculation" time="0.140" /><testcase classname="backend.tests.test_iteration25_ad_positions.TestActiveAdsEndpoint" name="test_active_ads_login_page_position" time="0.169" /><testcase classname="backend.tests.test_iteration25_ad_positions.TestActiveAdsEndpoint" name="test_active_ads_popup_position" time="0.127" /><testcase classname="backend.tests.test_iteration25_ad_positions.TestActiveAdsEndpoint" name="test_active_ads_splash_position" time="0.168" /><testcase classname="backend.tests.test_iteration25_ad_positions.TestActiveAdsEndpoint" name="test_active_ads_services_page_position" time="0.127" /><testcase classname="backend.tests.test_iteration25_ad_positions.TestActiveAdsEndpoint" name="test_active_ads_notification_position" time="0.177" /><testcase classname="backend.tests.test_iteration25_ad_positions.TestSuperAdminPanelAdsTab" name="test_super_admin_can_access_ads" time="0.580" /><testcase classname="backend.tests.test_iteration25_ad_positions.TestSuperAdminPanelAdsTab" name="test_owner_can_access_ads" time="0.134" /><testcase classname="backend.tests.test_iteration25_ad_positions.TestAdCreationWithNewPositions" name="test_create_ad_with_login_page_position" time="0.281" /><testcase classname="backend.tests.test_iteration25_ad_positions.TestAdCreationWithNewPositions" name="test_create_ad_with_services_page_position" time="0.291" /></testsuite></testsuites>