<?xml version="1.0" encoding="utf-8"?><testsuites name="pytest tests"><testsuite name="pytest" errors="0" failures="0" skipped="0" tests="10" time="1.608" timestamp="2026-06-26T14:43:49.591568+00:00" hostname="agent-env-d970c3c7-c0dc-4ecb-b74d-c9aec2b4fae3"><testcase classname="backend.tests.test_iter153_whatsapp" name="test_normalize_phone_variants" time="0.181" /><testcase classname="backend.tests.test_iter153_whatsapp" name="test_is_whatsapp_configured" time="0.003" /><testcase classname="backend.tests.test_iter153_whatsapp" name="test_whatsapp_status_endpoint" time="0.431" /><testcase classname="backend.tests.test_iter153_whatsapp" name="test_whatsapp_normalize_test_endpoint" time="0.180" /><testcase classname="backend.tests.test_iter153_whatsapp" name="test_whatsapp_send_invalid_phone" time="0.055" /><testcase classname="backend.tests.test_iter153_whatsapp" name="test_whatsapp_send_creates_log_and_audit" time="0.336" /><testcase classname="backend.tests.test_iter153_whatsapp" name="test_whatsapp_send_requires_admin" time="0.042" /><testcase classname="backend.tests.test_iter153_whatsapp" name="test_whatsapp_logs_endpoint_pagination" time="0.090" /><testcase classname="backend.tests.test_iter153_whatsapp" name="test_whatsapp_webhook_invalid_signature" time="0.041" /><testcase classname="backend.tests.test_iter153_whatsapp" name="test_whatsapp_bulk_send_super_admin_only" time="0.202" /></testsuite></testsuites>