<?xml version="1.0" encoding="utf-8"?><testsuites name="pytest tests"><testsuite name="pytest" errors="0" failures="0" skipped="0" tests="17" time="4.513" timestamp="2026-04-27T13:38:06.958926+00:00" hostname="agent-env-d970c3c7-c0dc-4ecb-b74d-c9aec2b4fae3"><testcase classname="tests.test_iter55_file_routing.TestProfilePictureUpload" name="test_upload_profile_picture_returns_api_files_url" time="2.564" /><testcase classname="tests.test_iter55_file_routing.TestProfilePictureUpload" name="test_get_uploaded_profile_picture_serves_image" time="0.067" /><testcase classname="tests.test_iter55_file_routing.TestProfilePictureUpload" name="test_old_uploads_path_returns_html_fallback" time="0.082" /><testcase classname="tests.test_iter55_file_routing.TestBrandingLogoUpload" name="test_upload_branding_logo_returns_api_files_url" time="0.061" /><testcase classname="tests.test_iter55_file_routing.TestBrandingLogoUpload" name="test_get_uploaded_logo_serves_image" time="0.059" /><testcase classname="tests.test_iter55_file_routing.TestBrandingLogoUpload" name="test_cleanup_unset_branding_logo_url" time="0.120" /><testcase classname="tests.test_iter55_file_routing.TestAdMediaUpload" name="test_upload_ad_media_returns_url" time="0.068" /><testcase classname="tests.test_iter55_file_routing.TestAdMediaUpload" name="test_get_ad_media_serves_image" time="0.054" /><testcase classname="tests.test_iter55_file_routing.TestGenericFileRouter" name="test_invalid_subdir_returns_404" time="0.051" /><testcase classname="tests.test_iter55_file_routing.TestGenericFileRouter" name="test_nonexistent_file_in_users_returns_404" time="0.053" /><testcase classname="tests.test_iter55_file_routing.TestGenericFileRouter" name="test_path_traversal_blocked" time="0.074" /><testcase classname="tests.test_iter55_file_routing.TestMigrationIdempotent" name="test_migration_rerun_zero_updates" time="0.812" /><testcase classname="tests.test_iter55_file_routing.TestRegression" name="test_2fa_status" time="0.061" /><testcase classname="tests.test_iter55_file_routing.TestRegression" name="test_email_templates" time="0.054" /><testcase classname="tests.test_iter55_file_routing.TestRegression" name="test_smtp_health" time="0.059" /><testcase classname="tests.test_iter55_file_routing.TestRegression" name="test_reports_scheduler_status" time="0.060" /><testcase classname="tests.test_iter55_file_routing.TestRegression" name="test_analytics_dashboard" time="0.085" /></testsuite></testsuites>