<?xml version="1.0" encoding="utf-8"?><testsuites name="pytest tests"><testsuite name="pytest" errors="0" failures="0" skipped="0" tests="36" time="29.714" timestamp="2026-06-26T13:57:27.821742+00:00" hostname="agent-env-d970c3c7-c0dc-4ecb-b74d-c9aec2b4fae3"><testcase classname="backend.tests.test_iter145_security_insights.TestSecurityInsights" name="test_owner_can_access" time="0.756" /><testcase classname="backend.tests.test_iter145_security_insights.TestSecurityInsights" name="test_resident_cannot_access" time="0.598" /><testcase classname="backend.tests.test_iter145_security_insights.TestSecurityInsights" name="test_suspicious_ip_surfaces" time="0.180" /><testcase classname="backend.tests.test_iter145_security_insights.TestSecurityInsights" name="test_currently_locked_detects_seeded_user" time="0.170" /><testcase classname="backend.tests.test_iter145_security_insights.TestSecurityInsights" name="test_targeted_user_with_existence_flag" time="0.173" /><testcase classname="backend.tests.test_iter146_auto_ban.TestAutoBan" name="test_run_once_creates_ban_for_brute_ip" time="0.040" /><testcase classname="backend.tests.test_iter146_auto_ban.TestAutoBan" name="test_run_once_below_threshold_no_ban" time="0.012" /><testcase classname="backend.tests.test_iter146_auto_ban.TestBannedIpsApi" name="test_owner_can_list_bans" time="0.735" /><testcase classname="backend.tests.test_iter146_auto_ban.TestBannedIpsApi" name="test_owner_can_unban" time="0.253" /><testcase classname="backend.tests.test_iter146_auto_ban.TestBannedIpsApi" name="test_unban_nonexistent_returns_404" time="0.135" /><testcase classname="backend.tests.test_iter146_auto_ban.TestGlobalAlert" name="test_alert_fires_above_global_threshold" time="0.490" /><testcase classname="backend.tests.test_iter147_mandatory_2fa.TestMandatory2FAEnrolment" name="test_owner_login_returns_setup_required" time="0.417" /><testcase classname="backend.tests.test_iter147_mandatory_2fa.TestMandatory2FAEnrolment" name="test_resident_login_unaffected" time="0.380" /><testcase classname="backend.tests.test_iter147_mandatory_2fa.TestMandatory2FAEnrolment" name="test_full_enrolment_flow_e2e" time="3.117" /><testcase classname="backend.tests.test_iter147_mandatory_2fa.TestMandatory2FAEnrolment" name="test_setup_token_cannot_open_api" time="0.554" /><testcase classname="backend.tests.test_iter147_mandatory_2fa.TestMandatory2FAEnrolment" name="test_invalid_code_rejected" time="0.833" /><testcase classname="backend.tests.test_iter148_mobile_auth" name="test_register_company_admin_succeeds" time="0.729" /><testcase classname="backend.tests.test_iter148_mobile_auth" name="test_register_resident_requires_compound_and_unit" time="0.836" /><testcase classname="backend.tests.test_iter148_mobile_auth" name="test_register_resident_unknown_compound" time="0.276" /><testcase classname="backend.tests.test_iter148_mobile_auth" name="test_register_weak_password_rejected" time="0.132" /><testcase classname="backend.tests.test_iter148_mobile_auth" name="test_register_duplicate_rejected" time="0.869" /><testcase classname="backend.tests.test_iter148_mobile_auth" name="test_company_admin_requires_company_name" time="0.142" /><testcase classname="backend.tests.test_iter148_mobile_auth" name="test_otp_verify_wrong_then_correct" time="1.415" /><testcase classname="backend.tests.test_iter148_mobile_auth" name="test_resend_cooldown" time="0.804" /><testcase classname="backend.tests.test_iter148_mobile_auth" name="test_login_and_me" time="1.276" /><testcase classname="backend.tests.test_iter148_mobile_auth" name="test_login_wrong_password" time="0.287" /><testcase classname="backend.tests.test_iter148_mobile_auth" name="test_me_requires_auth" time="0.125" /><testcase classname="backend.tests.test_iter148_mobile_auth" name="test_resend_anti_enumeration" time="0.189" /><testcase classname="backend.tests.test_iter151_perf_optimizations" name="test_export_full_structure_shape" time="4.692" /><testcase classname="backend.tests.test_iter151_perf_optimizations" name="test_companies_listing_shape" time="0.239" /><testcase classname="backend.tests.test_iter151_perf_optimizations" name="test_top10_companies_shape" time="0.161" /><testcase classname="backend.tests.test_iter151_perf_optimizations" name="test_analytics_dashboard_shape" time="0.159" /><testcase classname="backend.tests.test_iter151_perf_optimizations" name="test_analytics_export_csv" time="0.179" /><testcase classname="backend.tests.test_iter151_perf_optimizations" name="test_ads_pdf_export_threadpool" time="0.268" /><testcase classname="backend.tests.test_iter151_perf_optimizations" name="test_bulk_import_template_threadpool" time="0.142" /><testcase classname="backend.tests.test_iter151_perf_optimizations" name="test_export_runs_concurrently" time="7.613" /></testsuite></testsuites>