<?xml version="1.0" encoding="utf-8"?><testsuites name="pytest tests"><testsuite name="pytest" errors="0" failures="0" skipped="0" tests="5" time="1.909" timestamp="2026-06-14T11:52:24.645195+00:00" hostname="agent-env-d970c3c7-c0dc-4ecb-b74d-c9aec2b4fae3"><testcase classname="backend.tests.test_iter145_security_insights.TestSecurityInsights" name="test_owner_can_access" time="0.705" /><testcase classname="backend.tests.test_iter145_security_insights.TestSecurityInsights" name="test_resident_cannot_access" time="0.483" /><testcase classname="backend.tests.test_iter145_security_insights.TestSecurityInsights" name="test_suspicious_ip_surfaces" time="0.162" /><testcase classname="backend.tests.test_iter145_security_insights.TestSecurityInsights" name="test_currently_locked_detects_seeded_user" time="0.154" /><testcase classname="backend.tests.test_iter145_security_insights.TestSecurityInsights" name="test_targeted_user_with_existence_flag" time="0.154" /></testsuite></testsuites>