<?xml version="1.0" encoding="utf-8"?><testsuites name="pytest tests"><testsuite name="pytest" errors="0" failures="0" skipped="0" tests="5" time="2.862" timestamp="2026-05-01T13:24:56.999210+00:00" hostname="agent-env-d970c3c7-c0dc-4ecb-b74d-c9aec2b4fae3"><testcase classname="backend.tests.test_iter63_unified_ui_and_timeline_rbac.TestCrmSummaryNotesTotalAfterRefactor" name="test_notes_total_is_int_and_matches_create_delete" time="1.343" /><testcase classname="backend.tests.test_iter63_unified_ui_and_timeline_rbac.TestUserTimelineRbacFix" name="test_company_admin_can_access_user_in_managed_compound" time="0.179" /><testcase classname="backend.tests.test_iter63_unified_ui_and_timeline_rbac.TestUserTimelineRbacFix" name="test_other_company_admin_denied" time="0.590" /><testcase classname="backend.tests.test_iter63_unified_ui_and_timeline_rbac.TestUserTimelineRbacFix" name="test_super_admin_still_allowed" time="0.521" /><testcase classname="backend.tests.test_iter63_unified_ui_and_timeline_rbac.TestUserTimelineRbacFix" name="test_no_auth_blocked" time="0.136" /></testsuite></testsuites>