<?xml version="1.0" encoding="utf-8"?><testsuites name="pytest tests"><testsuite name="pytest" errors="0" failures="0" skipped="0" tests="8" time="7.046" timestamp="2026-06-13T23:37:40.621398+00:00" hostname="agent-env-d970c3c7-c0dc-4ecb-b74d-c9aec2b4fae3"><testcase classname="backend.tests.test_iter142_compounds_trend.TestCompoundsTrend" name="test_default_returns_6_months" time="3.866" /><testcase classname="backend.tests.test_iter142_compounds_trend.TestCompoundsTrend" name="test_residents_cumulative_non_decreasing" time="0.145" /><testcase classname="backend.tests.test_iter142_compounds_trend.TestCompoundsTrend" name="test_resident_token_403" time="0.542" /><testcase classname="backend.tests.test_iter142_compounds_trend.TestCompoundsTrend" name="test_owner_token_requires_company_id" time="0.499" /><testcase classname="backend.tests.test_iter142_compounds_trend.TestCompoundsTrend" name="test_unauthenticated_401" time="0.154" /><testcase classname="backend.tests.test_iter142_compounds_trend.TestCompoundsTrend" name="test_custom_months_param" time="0.132" /><testcase classname="backend.tests.test_iter142_double_referral.TestDoubleSidedReferral" name="test_register_with_ref_creates_welcome_coupon" time="0.879" /><testcase classname="backend.tests.test_iter142_double_referral.TestDoubleSidedReferral" name="test_register_without_ref_creates_no_welcome_coupon" time="0.361" /></testsuite></testsuites>