<?xml version="1.0" encoding="utf-8"?><testsuites name="pytest tests"><testsuite name="pytest" errors="0" failures="0" skipped="0" tests="8" time="10.753" timestamp="2026-06-26T22:16:48.012066+00:00" hostname="agent-env-d970c3c7-c0dc-4ecb-b74d-c9aec2b4fae3"><testcase classname="tests.test_iter151_perf_optimizations" name="test_export_full_structure_shape" time="2.445" /><testcase classname="tests.test_iter151_perf_optimizations" name="test_companies_listing_shape" time="0.088" /><testcase classname="tests.test_iter151_perf_optimizations" name="test_top10_companies_shape" time="0.052" /><testcase classname="tests.test_iter151_perf_optimizations" name="test_analytics_dashboard_shape" time="0.076" /><testcase classname="tests.test_iter151_perf_optimizations" name="test_analytics_export_csv" time="0.076" /><testcase classname="tests.test_iter151_perf_optimizations" name="test_ads_pdf_export_threadpool" time="0.182" /><testcase classname="tests.test_iter151_perf_optimizations" name="test_bulk_import_template_threadpool" time="0.071" /><testcase classname="tests.test_iter151_perf_optimizations" name="test_export_runs_concurrently" time="7.723" /></testsuite></testsuites>