<?xml version="1.0" encoding="utf-8"?><testsuites name="pytest tests"><testsuite name="pytest" errors="0" failures="0" skipped="1" tests="27" time="6.501" timestamp="2026-04-15T12:56:22.599857+00:00" hostname="agent-env-d970c3c7-c0dc-4ecb-b74d-c9aec2b4fae3"><testcase classname="tests.test_owner_budget_reminders.TestOwnerBudgetAPI" name="test_budget_requires_auth" time="2.498" /><testcase classname="tests.test_owner_budget_reminders.TestOwnerBudgetAPI" name="test_budget_default_period" time="0.543" /><testcase classname="tests.test_owner_budget_reminders.TestOwnerBudgetAPI" name="test_budget_month_period" time="0.078" /><testcase classname="tests.test_owner_budget_reminders.TestOwnerBudgetAPI" name="test_budget_quarter_period" time="0.105" /><testcase classname="tests.test_owner_budget_reminders.TestOwnerBudgetAPI" name="test_budget_year_period" time="0.086" /><testcase classname="tests.test_owner_budget_reminders.TestOwnerBudgetAPI" name="test_budget_all_period" time="0.106" /><testcase classname="tests.test_owner_budget_reminders.TestOwnerBudgetAPI" name="test_budget_profit_margin_calculation" time="0.100" /><testcase classname="tests.test_owner_budget_reminders.TestSubscriptionRemindersAPI" name="test_reminders_requires_auth" time="0.266" /><testcase classname="tests.test_owner_budget_reminders.TestSubscriptionRemindersAPI" name="test_reminders_default" time="0.105" /><testcase classname="tests.test_owner_budget_reminders.TestSubscriptionRemindersAPI" name="test_reminders_days_ahead_30" time="0.157" /><testcase classname="tests.test_owner_budget_reminders.TestSubscriptionRemindersAPI" name="test_reminders_days_ahead_90" time="0.101" /><testcase classname="tests.test_owner_budget_reminders.TestSubscriptionRemindersAPI" name="test_reminders_days_ahead_365" time="0.093" /><testcase classname="tests.test_owner_budget_reminders.TestSubscriptionRemindersAPI" name="test_reminders_sorted_by_urgency" time="0.107" /><testcase classname="tests.test_owner_budget_reminders.TestSendReminderAPI" name="test_send_reminder_requires_auth" time="0.535" /><testcase classname="tests.test_owner_budget_reminders.TestSendReminderAPI" name="test_send_reminder_requires_company_id" time="0.085" /><testcase classname="tests.test_owner_budget_reminders.TestSendReminderAPI" name="test_send_reminder_invalid_company" time="0.100" /><testcase classname="tests.test_owner_budget_reminders.TestSendReminderAPI" name="test_send_reminder_valid_company" time="0.000"><skipped type="pytest.skip" message="SMTP connection causes timeout - tested manually and works">/app/backend/tests/test_owner_budget_reminders.py:272: SMTP connection causes timeout - tested manually and works</skipped></testcase><testcase classname="tests.test_owner_budget_reminders.TestAdsAPIEnhancements" name="test_get_all_ads" time="0.071" /><testcase classname="tests.test_owner_budget_reminders.TestAdsAPIEnhancements" name="test_create_ad_with_new_fields" time="0.136" /><testcase classname="tests.test_owner_budget_reminders.TestAdsAPIEnhancements" name="test_create_gift_ad" time="0.180" /><testcase classname="tests.test_owner_budget_reminders.TestSidebarNavigation" name="test_login_as_app_owner" time="0.323" /><testcase classname="tests.test_owner_budget_reminders.TestSidebarNavigation" name="test_dashboard_api" time="0.097" /><testcase classname="tests.test_owner_budget_reminders.TestSidebarNavigation" name="test_compounds_api" time="0.083" /><testcase classname="tests.test_owner_budget_reminders.TestSidebarNavigation" name="test_subscription_codes_api" time="0.078" /><testcase classname="tests.test_owner_budget_reminders.TestSidebarNavigation" name="test_coupons_api" time="0.091" /><testcase classname="tests.test_owner_budget_reminders.TestSidebarNavigation" name="test_company_subscriptions_api" time="0.099" /><testcase classname="tests.test_owner_budget_reminders.TestSidebarNavigation" name="test_analytics_api" time="0.089" /></testsuite></testsuites>