<?xml version="1.0" encoding="utf-8"?><testsuites name="pytest tests"><testsuite name="pytest" errors="0" failures="0" skipped="1" tests="9" time="6.195" timestamp="2026-04-13T04:11:08.945747+00:00" hostname="agent-env-d970c3c7-c0dc-4ecb-b74d-c9aec2b4fae3"><testcase classname="backend.tests.test_add_family_member.TestAuthentication" name="test_login_admin" time="1.700" /><testcase classname="backend.tests.test_add_family_member.TestAuthentication" name="test_login_super_admin" time="0.376" /><testcase classname="backend.tests.test_add_family_member.TestCORSHeaders" name="test_cors_headers_present" time="0.094" /><testcase classname="backend.tests.test_add_family_member.TestResidencesEndpoint" name="test_get_residences_returns_data" time="0.970" /><testcase classname="backend.tests.test_add_family_member.TestResidencesEndpoint" name="test_residences_have_nested_family_head" time="0.906" /><testcase classname="backend.tests.test_add_family_member.TestAddFamilyMemberEndpoint" name="test_add_family_member_requires_auth" time="0.178" /><testcase classname="backend.tests.test_add_family_member.TestAddFamilyMemberEndpoint" name="test_add_family_member_validation" time="0.497" /><testcase classname="backend.tests.test_add_family_member.TestAddFamilyMemberEndpoint" name="test_add_family_member_success" time="0.628"><skipped type="pytest.skip" message="Admin login failed: {&quot;error&quot;:&quot;Rate limit exceeded: 5 per 1 minute&quot;}">/app/backend/tests/test_add_family_member.py:240: Admin login failed: {"error":"Rate limit exceeded: 5 per 1 minute"}</skipped></testcase><testcase classname="backend.tests.test_add_family_member.TestGetFamilyMembers" name="test_get_family_members" time="0.624" /></testsuite></testsuites>