<?xml version="1.0" encoding="utf-8"?><testsuites name="pytest tests"><testsuite name="pytest" errors="0" failures="0" skipped="6" tests="12" time="7.421" timestamp="2026-04-13T08:29:02.041975+00:00" hostname="agent-env-d970c3c7-c0dc-4ecb-b74d-c9aec2b4fae3"><testcase classname="backend.tests.test_ratings_satisfaction.TestRatingsSystem" name="test_submit_rating_success" time="1.833"><skipped type="pytest.skip" message="Could not create maintenance request for testing">/app/backend/tests/test_ratings_satisfaction.py:79: Could not create maintenance request for testing</skipped></testcase><testcase classname="backend.tests.test_ratings_satisfaction.TestRatingsSystem" name="test_submit_rating_invalid_range" time="0.494"><skipped type="pytest.skip" message="Could not create maintenance request for testing">/app/backend/tests/test_ratings_satisfaction.py:106: Could not create maintenance request for testing</skipped></testcase><testcase classname="backend.tests.test_ratings_satisfaction.TestRatingsSystem" name="test_submit_rating_nonexistent_target" time="0.523" /><testcase classname="backend.tests.test_ratings_satisfaction.TestRatingsSystem" name="test_submit_rating_invalid_target_type" time="0.494" /><testcase classname="backend.tests.test_ratings_satisfaction.TestRatingsSystem" name="test_duplicate_rating_updates" time="0.550"><skipped type="pytest.skip" message="Could not create maintenance request for testing">/app/backend/tests/test_ratings_satisfaction.py:178: Could not create maintenance request for testing</skipped></testcase><testcase classname="backend.tests.test_ratings_satisfaction.TestRatingsSystem" name="test_submit_rating_unauthorized" time="0.126" /><testcase classname="backend.tests.test_ratings_satisfaction.TestRatingsSystem" name="test_get_target_ratings" time="0.502"><skipped type="pytest.skip" message="Could not create maintenance request for testing">/app/backend/tests/test_ratings_satisfaction.py:236: Could not create maintenance request for testing</skipped></testcase><testcase classname="backend.tests.test_ratings_satisfaction.TestRatingsSystem" name="test_get_target_ratings_empty" time="0.488"><skipped type="pytest.skip" message="Could not create maintenance request for testing">/app/backend/tests/test_ratings_satisfaction.py:278: Could not create maintenance request for testing</skipped></testcase><testcase classname="backend.tests.test_ratings_satisfaction.TestRatingsSystem" name="test_get_rating_stats_admin" time="0.509" /><testcase classname="backend.tests.test_ratings_satisfaction.TestRatingsSystem" name="test_get_rating_stats_non_admin" time="0.493" /><testcase classname="backend.tests.test_ratings_satisfaction.TestRatingsSystem" name="test_rating_stats_with_data" time="1.164" /><testcase classname="backend.tests.test_ratings_satisfaction.TestRatingsIntegration" name="test_full_rating_workflow" time="0.130"><skipped type="pytest.skip" message="Admin authentication failed">/app/backend/tests/test_ratings_satisfaction.py:403: Admin authentication failed</skipped></testcase></testsuite></testsuites>