<?xml version="1.0" encoding="utf-8"?><testsuites name="pytest tests"><testsuite name="pytest" errors="0" failures="0" skipped="4" tests="15" time="7.576" timestamp="2026-04-13T16:05:41.454133+00:00" hostname="agent-env-d970c3c7-c0dc-4ecb-b74d-c9aec2b4fae3"><testcase classname="tests.test_refactored_routes.TestAuthentication" name="test_admin_login" time="1.468" /><testcase classname="tests.test_refactored_routes.TestAuthentication" name="test_superadmin_login" time="0.376" /><testcase classname="tests.test_refactored_routes.TestHealthAndMonitoring" name="test_health_check" time="0.148" /><testcase classname="tests.test_refactored_routes.TestHealthAndMonitoring" name="test_monitoring_stats_admin" time="0.552" /><testcase classname="tests.test_refactored_routes.TestFinancialRoutes" name="test_balance_sheet" time="0.557" /><testcase classname="tests.test_refactored_routes.TestFinancialRoutes" name="test_obligations" time="0.508" /><testcase classname="tests.test_refactored_routes.TestFinancialRoutes" name="test_unit_charges" time="0.579" /><testcase classname="tests.test_refactored_routes.TestRatingsRoutes" name="test_rating_stats" time="0.553" /><testcase classname="tests.test_refactored_routes.TestContractsRoutes" name="test_get_contracts" time="0.638" /><testcase classname="tests.test_refactored_routes.TestComplaintsRoutes" name="test_get_complaints" time="0.521" /><testcase classname="tests.test_refactored_routes.TestSuperAdminRoutes" name="test_super_admin_dashboard" time="0.144"><skipped type="pytest.skip" message="Could not authenticate as super admin">/app/backend/tests/test_refactored_routes.py:235: Could not authenticate as super admin</skipped></testcase><testcase classname="tests.test_refactored_routes.TestSuperAdminRoutes" name="test_super_admin_users" time="0.532" /><testcase classname="tests.test_refactored_routes.TestFacilitiesRoutes" name="test_get_facilities" time="0.441"><skipped type="pytest.skip" message="Could not authenticate as admin">/app/backend/tests/test_refactored_routes.py:276: Could not authenticate as admin</skipped></testcase><testcase classname="tests.test_refactored_routes.TestExportsRoutes" name="test_export_excel" time="0.170"><skipped type="pytest.skip" message="Could not authenticate as admin">/app/backend/tests/test_refactored_routes.py:301: Could not authenticate as admin</skipped></testcase><testcase classname="tests.test_refactored_routes.TestAdminRoleChange" name="test_admin_role_change_invalid_role" time="0.150"><skipped type="pytest.skip" message="Could not authenticate as admin">/app/backend/tests/test_refactored_routes.py:330: Could not authenticate as admin</skipped></testcase></testsuite></testsuites>