<?xml version="1.0" encoding="utf-8"?><testsuites name="pytest tests"><testsuite name="pytest" errors="0" failures="0" skipped="0" tests="11" time="4.742" timestamp="2026-04-13T05:13:25.207545+00:00" hostname="agent-env-d970c3c7-c0dc-4ecb-b74d-c9aec2b4fae3"><testcase classname="backend.tests.test_resident_profile.TestResidentProfileEndpoint" name="test_get_resident_profile_success" time="3.169" /><testcase classname="backend.tests.test_resident_profile.TestResidentProfileEndpoint" name="test_get_resident_profile_with_sort_desc" time="0.133" /><testcase classname="backend.tests.test_resident_profile.TestResidentProfileEndpoint" name="test_get_resident_profile_with_sort_asc" time="0.139" /><testcase classname="backend.tests.test_resident_profile.TestResidentProfileEndpoint" name="test_get_resident_profile_not_found" time="0.125" /><testcase classname="backend.tests.test_resident_profile.TestResidentProfileEndpoint" name="test_get_resident_profile_unauthorized" time="0.120" /><testcase classname="backend.tests.test_resident_profile.TestResidentPDFExport" name="test_export_pdf_success" time="0.182" /><testcase classname="backend.tests.test_resident_profile.TestResidentPDFExport" name="test_export_pdf_not_found" time="0.130" /><testcase classname="backend.tests.test_resident_profile.TestResidentPDFExport" name="test_export_pdf_unauthorized" time="0.139" /><testcase classname="backend.tests.test_resident_profile.TestResidentProfileDataIntegrity" name="test_family_members_count_matches_summary" time="0.133" /><testcase classname="backend.tests.test_resident_profile.TestResidentProfileDataIntegrity" name="test_maintenance_count_matches_summary" time="0.148" /><testcase classname="backend.tests.test_resident_profile.TestResidentProfileDataIntegrity" name="test_resident_has_required_fields" time="0.136" /></testsuite></testsuites>