<?xml version="1.0" encoding="utf-8"?><testsuites name="pytest tests"><testsuite name="pytest" errors="0" failures="0" skipped="0" tests="18" time="8.471" timestamp="2026-04-14T22:37:24.241000+00:00" hostname="agent-env-d970c3c7-c0dc-4ecb-b74d-c9aec2b4fae3"><testcase classname="tests.test_translations.TestTranslationsAPI" name="test_get_translations_returns_200" time="1.489" /><testcase classname="tests.test_translations.TestTranslationsAPI" name="test_get_translations_stats_structure" time="0.281" /><testcase classname="tests.test_translations.TestTranslationsAPI" name="test_get_translations_pagination" time="0.300" /><testcase classname="tests.test_translations.TestTranslationsAPI" name="test_get_translations_search" time="0.244" /><testcase classname="tests.test_translations.TestTranslationsAPI" name="test_get_translations_filter_missing" time="0.234" /><testcase classname="tests.test_translations.TestTranslationsAPI" name="test_get_translations_filter_complete" time="0.254" /><testcase classname="tests.test_translations.TestTranslationsAPI" name="test_add_translation_key" time="0.398" /><testcase classname="tests.test_translations.TestTranslationsAPI" name="test_add_translation_key_empty_key_fails" time="0.238" /><testcase classname="tests.test_translations.TestTranslationsAPI" name="test_add_translation_key_partial_values" time="0.363" /><testcase classname="tests.test_translations.TestTranslationsAPI" name="test_update_translation_value" time="0.560" /><testcase classname="tests.test_translations.TestTranslationsAPI" name="test_update_translation_invalid_lang" time="0.246" /><testcase classname="tests.test_translations.TestTranslationsAPI" name="test_update_translation_missing_key" time="0.253" /><testcase classname="tests.test_translations.TestTranslationsAPI" name="test_delete_translation_key" time="0.437" /><testcase classname="tests.test_translations.TestTranslationsAPI" name="test_delete_nonexistent_key" time="0.256" /><testcase classname="tests.test_translations.TestTranslationsAPI" name="test_export_english_locale" time="0.988" /><testcase classname="tests.test_translations.TestTranslationsAPI" name="test_export_arabic_locale" time="0.766" /><testcase classname="tests.test_translations.TestTranslationsAPI" name="test_export_french_locale" time="0.782" /><testcase classname="tests.test_translations.TestTranslationsAPI" name="test_export_invalid_lang" time="0.209" /></testsuite></testsuites>