<?xml version="1.0" encoding="utf-8"?><testsuites name="pytest tests"><testsuite name="pytest" errors="0" failures="0" skipped="0" tests="14" time="4.974" timestamp="2026-04-13T04:22:35.777759+00:00" hostname="agent-env-d970c3c7-c0dc-4ecb-b74d-c9aec2b4fae3"><testcase classname="backend.tests.test_webauthn.TestWebAuthnAPIs" name="test_webauthn_check_endpoint_exists" time="1.427" /><testcase classname="backend.tests.test_webauthn.TestWebAuthnAPIs" name="test_webauthn_check_nonexistent_user" time="0.149" /><testcase classname="backend.tests.test_webauthn.TestWebAuthnAPIs" name="test_webauthn_check_cors_headers" time="0.138" /><testcase classname="backend.tests.test_webauthn.TestWebAuthnAPIs" name="test_webauthn_register_options_requires_auth" time="0.137" /><testcase classname="backend.tests.test_webauthn.TestWebAuthnAPIs" name="test_webauthn_register_options_with_auth" time="0.455" /><testcase classname="backend.tests.test_webauthn.TestWebAuthnAPIs" name="test_webauthn_register_verify_requires_auth" time="0.136" /><testcase classname="backend.tests.test_webauthn.TestWebAuthnAPIs" name="test_webauthn_register_verify_with_invalid_data" time="0.485" /><testcase classname="backend.tests.test_webauthn.TestWebAuthnAPIs" name="test_webauthn_login_options_no_auth_required" time="0.289" /><testcase classname="backend.tests.test_webauthn.TestWebAuthnAPIs" name="test_webauthn_login_options_nonexistent_user" time="0.154" /><testcase classname="backend.tests.test_webauthn.TestWebAuthnAPIs" name="test_webauthn_remove_requires_auth" time="0.132" /><testcase classname="backend.tests.test_webauthn.TestWebAuthnAPIs" name="test_webauthn_remove_with_auth" time="0.416" /><testcase classname="backend.tests.test_webauthn.TestWebAuthnAPIs" name="test_webauthn_full_flow_check_status" time="0.508" /><testcase classname="backend.tests.test_webauthn.TestWebAuthnServiceIntegration" name="test_webauthn_service_db_initialized" time="0.179" /><testcase classname="backend.tests.test_webauthn.TestWebAuthnServiceIntegration" name="test_webauthn_check_multiple_users" time="0.230" /></testsuite></testsuites>